001 (2814820.250.000) 08/02 12:08:50 Job executing on host: <131.169.163.109:40038?addrs=131.169.163.109-40038>
...
001 (2814820.286.000) 08/02 12:08:51 Job executing on host: <131.169.164.22:33927?addrs=131.169.164.22-33927>
...
006 (2814820.286.000) 08/02 12:08:53 Image size of job updated: 280144
	0  -  MemoryUsage of job (MB)
	0  -  ResidentSetSize of job (KB)
...
005 (2814820.286.000) 08/02 12:08:53 Job terminated.
	(1) Normal termination (return value 255)
		Usr 0 00:00:00, Sys 0 00:00:00  -  Run Remote Usage
		Usr 0 00:00:00, Sys 0 00:00:00  -  Run Local Usage
		Usr 0 00:00:00, Sys 0 00:00:00  -  Total Remote Usage
		Usr 0 00:00:00, Sys 0 00:00:00  -  Total Local Usage
	0  -  Run Bytes Sent By Job
	0  -  Run Bytes Received By Job
	0  -  Total Bytes Sent By Job
	0  -  Total Bytes Received By Job
	Partitionable Resources :    Usage  Request Allocated 
	   Cpus                 :                 1         1 
	   Disk (KB)            :        1  2560000   3071113 
	   Memory (MB)          :        0     2048      2048 
...
006 (2814820.250.000) 08/02 12:08:53 Image size of job updated: 7204
	0  -  MemoryUsage of job (MB)
	0  -  ResidentSetSize of job (KB)
...
005 (2814820.250.000) 08/02 12:08:55 Job terminated.
	(1) Normal termination (return value 255)
		Usr 0 00:00:00, Sys 0 00:00:00  -  Run Remote Usage
		Usr 0 00:00:00, Sys 0 00:00:00  -  Run Local Usage
		Usr 0 00:00:00, Sys 0 00:00:00  -  Total Remote Usage
		Usr 0 00:00:00, Sys 0 00:00:00  -  Total Local Usage
	0  -  Run Bytes Sent By Job
	0  -  Run Bytes Received By Job
	0  -  Total Bytes Sent By Job
	0  -  Total Bytes Received By Job
	Partitionable Resources :    Usage  Request Allocated 
	   Cpus                 :     0.16        1         1 
	   Disk (KB)            :     1     2560000   3249590 
	   Memory (MB)          :     0        2048      2048 
...
001 (2814820.525.000) 08/02 12:15:05 Job executing on host: <131.169.163.121:44892?addrs=131.169.163.121-44892>
...
001 (2814820.524.000) 08/02 12:15:06 Job executing on host: <131.169.76.38:35578?addrs=131.169.76.38-35578>
...
001 (2814820.544.000) 08/02 12:15:07 Job executing on host: <131.169.77.223:40096?addrs=131.169.77.223-40096>
...
006 (2814820.525.000) 08/02 12:15:07 Image size of job updated: 68
	0  -  MemoryUsage of job (MB)
	0  -  ResidentSetSize of job (KB)
...
005 (2814820.525.000) 08/02 12:15:07 Job terminated.
	(1) Normal termination (return value 255)
		Usr 0 00:00:00, Sys 0 00:00:00  -  Run Remote Usage
		Usr 0 00:00:00, Sys 0 00:00:00  -  Run Local Usage
		Usr 0 00:00:00, Sys 0 00:00:00  -  Total Remote Usage
		Usr 0 00:00:00, Sys 0 00:00:00  -  Total Local Usage
	0  -  Run Bytes Sent By Job
	0  -  Run Bytes Received By Job
	0  -  Total Bytes Sent By Job
	0  -  Total Bytes Received By Job
	Partitionable Resources :    Usage  Request Allocated 
	   Cpus                 :                 1         1 
	   Disk (KB)            :        1  2560000   3251087 
	   Memory (MB)          :        0     2048      2048 
...
001 (2814820.538.000) 08/02 12:15:08 Job executing on host: <131.169.164.32:34374?addrs=131.169.164.32-34374>
...
001 (2814820.550.000) 08/02 12:15:09 Job executing on host: <131.169.164.4:43940?addrs=131.169.164.4-43940>
...
001 (2814820.552.000) 08/02 12:15:09 Job executing on host: <131.169.76.198:37373?addrs=131.169.76.198-37373>
...
006 (2814820.538.000) 08/02 12:15:10 Image size of job updated: 282080
	0  -  MemoryUsage of job (MB)
	0  -  ResidentSetSize of job (KB)
...
001 (2814820.542.000) 08/02 12:15:10 Job executing on host: <131.169.164.33:43756?addrs=131.169.164.33-43756>
...
005 (2814820.538.000) 08/02 12:15:10 Job terminated.
	(1) Normal termination (return value 255)
		Usr 0 00:00:00, Sys 0 00:00:00  -  Run Remote Usage
		Usr 0 00:00:00, Sys 0 00:00:00  -  Run Local Usage
		Usr 0 00:00:00, Sys 0 00:00:00  -  Total Remote Usage
		Usr 0 00:00:00, Sys 0 00:00:00  -  Total Local Usage
	0  -  Run Bytes Sent By Job
	0  -  Run Bytes Received By Job
	0  -  Total Bytes Sent By Job
	0  -  Total Bytes Received By Job
	Partitionable Resources :    Usage  Request Allocated 
	   Cpus                 :        0        1         1 
	   Disk (KB)            :        1  2560000   3076391 
	   Memory (MB)          :        0     2048      2048 
...
006 (2814820.544.000) 08/02 12:15:11 Image size of job updated: 291132
	0  -  MemoryUsage of job (MB)
	0  -  ResidentSetSize of job (KB)
...
005 (2814820.544.000) 08/02 12:15:11 Job terminated.
	(1) Normal termination (return value 255)
		Usr 0 00:00:00, Sys 0 00:00:00  -  Run Remote Usage
		Usr 0 00:00:00, Sys 0 00:00:00  -  Run Local Usage
		Usr 0 00:00:00, Sys 0 00:00:00  -  Total Remote Usage
		Usr 0 00:00:00, Sys 0 00:00:00  -  Total Local Usage
	0  -  Run Bytes Sent By Job
	0  -  Run Bytes Received By Job
	0  -  Total Bytes Sent By Job
	0  -  Total Bytes Received By Job
	Partitionable Resources :    Usage  Request Allocated 
	   Cpus                 :     0.02        1         1 
	   Disk (KB)            :     1     2560000   3794757 
	   Memory (MB)          :     0        2048      2048 
...
006 (2814820.550.000) 08/02 12:15:11 Image size of job updated: 1
	0  -  MemoryUsage of job (MB)
	0  -  ResidentSetSize of job (KB)
...
005 (2814820.550.000) 08/02 12:15:11 Job terminated.
	(1) Normal termination (return value 255)
		Usr 0 00:00:00, Sys 0 00:00:00  -  Run Remote Usage
		Usr 0 00:00:00, Sys 0 00:00:00  -  Run Local Usage
		Usr 0 00:00:00, Sys 0 00:00:00  -  Total Remote Usage
		Usr 0 00:00:00, Sys 0 00:00:00  -  Total Local Usage
	0  -  Run Bytes Sent By Job
	0  -  Run Bytes Received By Job
	0  -  Total Bytes Sent By Job
	0  -  Total Bytes Received By Job
	Partitionable Resources :    Usage  Request Allocated 
	   Cpus                 :        0        1         1 
	   Disk (KB)            :        1  2560000   3072504 
	   Memory (MB)          :        0     2048      2048 
...
001 (2814820.585.000) 08/02 12:15:12 Job executing on host: <131.169.163.120:36399?addrs=131.169.163.120-36399>
...
001 (2814820.582.000) 08/02 12:15:12 Job executing on host: <131.169.84.196:37723?addrs=131.169.84.196-37723>
...
006 (2814820.552.000) 08/02 12:15:12 Image size of job updated: 716
	0  -  MemoryUsage of job (MB)
	0  -  ResidentSetSize of job (KB)
...
005 (2814820.552.000) 08/02 12:15:12 Job terminated.
	(1) Normal termination (return value 255)
		Usr 0 00:00:00, Sys 0 00:00:00  -  Run Remote Usage
		Usr 0 00:00:00, Sys 0 00:00:00  -  Run Local Usage
		Usr 0 00:00:00, Sys 0 00:00:00  -  Total Remote Usage
		Usr 0 00:00:00, Sys 0 00:00:00  -  Total Local Usage
	0  -  Run Bytes Sent By Job
	0  -  Run Bytes Received By Job
	0  -  Total Bytes Sent By Job
	0  -  Total Bytes Received By Job
	Partitionable Resources :    Usage  Request Allocated 
	   Cpus                 :        0        1         1 
	   Disk (KB)            :        1  2560000   2787806 
	   Memory (MB)          :        0     2048      2048 
...
006 (2814820.542.000) 08/02 12:15:12 Image size of job updated: 292748
	0  -  MemoryUsage of job (MB)
	0  -  ResidentSetSize of job (KB)
...
005 (2814820.542.000) 08/02 12:15:12 Job terminated.
	(1) Normal termination (return value 255)
		Usr 0 00:00:00, Sys 0 00:00:00  -  Run Remote Usage
		Usr 0 00:00:00, Sys 0 00:00:00  -  Run Local Usage
		Usr 0 00:00:00, Sys 0 00:00:00  -  Total Remote Usage
		Usr 0 00:00:00, Sys 0 00:00:00  -  Total Local Usage
	0  -  Run Bytes Sent By Job
	0  -  Run Bytes Received By Job
	0  -  Total Bytes Sent By Job
	0  -  Total Bytes Received By Job
	Partitionable Resources :    Usage  Request Allocated 
	   Cpus                 :                 1         1 
	   Disk (KB)            :        1  2560000   2996278 
	   Memory (MB)          :        0     2048      2048 
...
006 (2814820.524.000) 08/02 12:15:14 Image size of job updated: 88292
	0  -  MemoryUsage of job (MB)
	0  -  ResidentSetSize of job (KB)
...
005 (2814820.524.000) 08/02 12:15:14 Job terminated.
	(1) Normal termination (return value 255)
		Usr 0 00:00:00, Sys 0 00:00:00  -  Run Remote Usage
		Usr 0 00:00:00, Sys 0 00:00:00  -  Run Local Usage
		Usr 0 00:00:00, Sys 0 00:00:00  -  Total Remote Usage
		Usr 0 00:00:00, Sys 0 00:00:00  -  Total Local Usage
	0  -  Run Bytes Sent By Job
	0  -  Run Bytes Received By Job
	0  -  Total Bytes Sent By Job
	0  -  Total Bytes Received By Job
	Partitionable Resources :    Usage  Request Allocated 
	   Cpus                 :        0        1         1 
	   Disk (KB)            :        1  2560000   2785809 
	   Memory (MB)          :        0     2048      2048 
...
006 (2814820.585.000) 08/02 12:15:14 Image size of job updated: 820
	0  -  MemoryUsage of job (MB)
	0  -  ResidentSetSize of job (KB)
...
005 (2814820.585.000) 08/02 12:15:14 Job terminated.
	(1) Normal termination (return value 255)
		Usr 0 00:00:00, Sys 0 00:00:00  -  Run Remote Usage
		Usr 0 00:00:00, Sys 0 00:00:00  -  Run Local Usage
		Usr 0 00:00:00, Sys 0 00:00:00  -  Total Remote Usage
		Usr 0 00:00:00, Sys 0 00:00:00  -  Total Local Usage
	0  -  Run Bytes Sent By Job
	0  -  Run Bytes Received By Job
	0  -  Total Bytes Sent By Job
	0  -  Total Bytes Received By Job
	Partitionable Resources :    Usage  Request Allocated 
	   Cpus                 :                 1         1 
	   Disk (KB)            :        1  2560000   3251525 
	   Memory (MB)          :        0     2048      2048 
...
006 (2814820.582.000) 08/02 12:15:14 Image size of job updated: 256
	0  -  MemoryUsage of job (MB)
	0  -  ResidentSetSize of job (KB)
...
005 (2814820.582.000) 08/02 12:15:14 Job terminated.
	(1) Normal termination (return value 255)
		Usr 0 00:00:00, Sys 0 00:00:00  -  Run Remote Usage
		Usr 0 00:00:00, Sys 0 00:00:00  -  Run Local Usage
		Usr 0 00:00:00, Sys 0 00:00:00  -  Total Remote Usage
		Usr 0 00:00:00, Sys 0 00:00:00  -  Total Local Usage
	0  -  Run Bytes Sent By Job
	0  -  Run Bytes Received By Job
	0  -  Total Bytes Sent By Job
	0  -  Total Bytes Received By Job
	Partitionable Resources :    Usage  Request Allocated 
	   Cpus                 :        0        1         1 
	   Disk (KB)            :        1  2560000   2739353 
	   Memory (MB)          :        0     2048      2048 
...
001 (2814820.477.000) 08/02 12:21:28 Job executing on host: <131.169.84.135:40534?addrs=131.169.84.135-40534>
...
001 (2814820.472.000) 08/02 12:21:29 Job executing on host: <131.169.76.42:41102?addrs=131.169.76.42-41102>
...
001 (2814820.479.000) 08/02 12:21:29 Job executing on host: <131.169.84.135:40534?addrs=131.169.84.135-40534>
...
001 (2814820.468.000) 08/02 12:21:29 Job executing on host: <131.169.84.115:40204?addrs=131.169.84.115-40204>
...
001 (2814820.463.000) 08/02 12:21:29 Job executing on host: <131.169.163.103:34063?addrs=131.169.163.103-34063>
...
001 (2814820.467.000) 08/02 12:21:29 Job executing on host: <131.169.77.206:41742?addrs=131.169.77.206-41742>
...
001 (2814820.469.000) 08/02 12:21:30 Job executing on host: <131.169.84.115:40204?addrs=131.169.84.115-40204>
...
001 (2814820.476.000) 08/02 12:21:30 Job executing on host: <131.169.76.42:41102?addrs=131.169.76.42-41102>
...
006 (2814820.479.000) 08/02 12:21:32 Image size of job updated: 28472
	0  -  MemoryUsage of job (MB)
	0  -  ResidentSetSize of job (KB)
...
005 (2814820.479.000) 08/02 12:21:32 Job terminated.
	(1) Normal termination (return value 255)
		Usr 0 00:00:00, Sys 0 00:00:00  -  Run Remote Usage
		Usr 0 00:00:00, Sys 0 00:00:00  -  Run Local Usage
		Usr 0 00:00:00, Sys 0 00:00:00  -  Total Remote Usage
		Usr 0 00:00:00, Sys 0 00:00:00  -  Total Local Usage
	0  -  Run Bytes Sent By Job
	0  -  Run Bytes Received By Job
	0  -  Total Bytes Sent By Job
	0  -  Total Bytes Received By Job
	Partitionable Resources :    Usage  Request Allocated 
	   Cpus                 :        0        1         1 
	   Disk (KB)            :        1  2560000   2788822 
	   Memory (MB)          :        0     2048      2048 
...
006 (2814820.477.000) 08/02 12:21:32 Image size of job updated: 301660
	0  -  MemoryUsage of job (MB)
	0  -  ResidentSetSize of job (KB)
...
005 (2814820.477.000) 08/02 12:21:32 Job terminated.
	(1) Normal termination (return value 255)
		Usr 0 00:00:00, Sys 0 00:00:00  -  Run Remote Usage
		Usr 0 00:00:00, Sys 0 00:00:00  -  Run Local Usage
		Usr 0 00:00:00, Sys 0 00:00:00  -  Total Remote Usage
		Usr 0 00:00:00, Sys 0 00:00:00  -  Total Local Usage
	0  -  Run Bytes Sent By Job
	0  -  Run Bytes Received By Job
	0  -  Total Bytes Sent By Job
	0  -  Total Bytes Received By Job
	Partitionable Resources :    Usage  Request Allocated 
	   Cpus                 :        0        1         1 
	   Disk (KB)            :        1  2560000   2788822 
	   Memory (MB)          :        0     2048      2048 
...
006 (2814820.469.000) 08/02 12:21:33 Image size of job updated: 300
	0  -  MemoryUsage of job (MB)
	0  -  ResidentSetSize of job (KB)
...
005 (2814820.469.000) 08/02 12:21:33 Job terminated.
	(1) Normal termination (return value 255)
		Usr 0 00:00:00, Sys 0 00:00:00  -  Run Remote Usage
		Usr 0 00:00:00, Sys 0 00:00:00  -  Run Local Usage
		Usr 0 00:00:00, Sys 0 00:00:00  -  Total Remote Usage
		Usr 0 00:00:00, Sys 0 00:00:00  -  Total Local Usage
	0  -  Run Bytes Sent By Job
	0  -  Run Bytes Received By Job
	0  -  Total Bytes Sent By Job
	0  -  Total Bytes Received By Job
	Partitionable Resources :    Usage  Request Allocated 
	   Cpus                 :        0        1         1 
	   Disk (KB)            :        1  2560000   2789408 
	   Memory (MB)          :        0     2048      2048 
...
006 (2814820.468.000) 08/02 12:21:33 Image size of job updated: 4960
	0  -  MemoryUsage of job (MB)
	0  -  ResidentSetSize of job (KB)
...
005 (2814820.468.000) 08/02 12:21:33 Job terminated.
	(1) Normal termination (return value 255)
		Usr 0 00:00:00, Sys 0 00:00:00  -  Run Remote Usage
		Usr 0 00:00:00, Sys 0 00:00:00  -  Run Local Usage
		Usr 0 00:00:00, Sys 0 00:00:00  -  Total Remote Usage
		Usr 0 00:00:00, Sys 0 00:00:00  -  Total Local Usage
	0  -  Run Bytes Sent By Job
	0  -  Run Bytes Received By Job
	0  -  Total Bytes Sent By Job
	0  -  Total Bytes Received By Job
	Partitionable Resources :    Usage  Request Allocated 
	   Cpus                 :     0.04        1         1 
	   Disk (KB)            :     1     2560000   2789408 
	   Memory (MB)          :     0        2048      2048 
...
006 (2814820.467.000) 08/02 12:21:37 Image size of job updated: 352
	0  -  MemoryUsage of job (MB)
	0  -  ResidentSetSize of job (KB)
...
005 (2814820.467.000) 08/02 12:21:37 Job terminated.
	(1) Normal termination (return value 255)
		Usr 0 00:00:00, Sys 0 00:00:00  -  Run Remote Usage
		Usr 0 00:00:00, Sys 0 00:00:00  -  Run Local Usage
		Usr 0 00:00:00, Sys 0 00:00:00  -  Total Remote Usage
		Usr 0 00:00:00, Sys 0 00:00:00  -  Total Local Usage
	0  -  Run Bytes Sent By Job
	0  -  Run Bytes Received By Job
	0  -  Total Bytes Sent By Job
	0  -  Total Bytes Received By Job
	Partitionable Resources :    Usage  Request Allocated 
	   Cpus                 :     0.01        1         1 
	   Disk (KB)            :     1     2560000   3789941 
	   Memory (MB)          :     0        2048      2048 
...
006 (2814820.463.000) 08/02 12:21:37 Image size of job updated: 17084
	0  -  MemoryUsage of job (MB)
	0  -  ResidentSetSize of job (KB)
...
005 (2814820.463.000) 08/02 12:21:37 Job terminated.
	(1) Normal termination (return value 255)
		Usr 0 00:00:00, Sys 0 00:00:00  -  Run Remote Usage
		Usr 0 00:00:00, Sys 0 00:00:00  -  Run Local Usage
		Usr 0 00:00:00, Sys 0 00:00:00  -  Total Remote Usage
		Usr 0 00:00:00, Sys 0 00:00:00  -  Total Local Usage
	0  -  Run Bytes Sent By Job
	0  -  Run Bytes Received By Job
	0  -  Total Bytes Sent By Job
	0  -  Total Bytes Received By Job
	Partitionable Resources :    Usage  Request Allocated 
	   Cpus                 :        0        1         1 
	   Disk (KB)            :        1  2560000   3249206 
	   Memory (MB)          :        0     2048      2048 
...
006 (2814820.472.000) 08/02 12:21:38 Image size of job updated: 46664
	31  -  MemoryUsage of job (MB)
	31464  -  ResidentSetSize of job (KB)
...
006 (2814820.476.000) 08/02 12:21:39 Image size of job updated: 51936
	34  -  MemoryUsage of job (MB)
	34232  -  ResidentSetSize of job (KB)
...
006 (2814820.476.000) 08/02 12:21:57 Image size of job updated: 66132
	34  -  MemoryUsage of job (MB)
	34232  -  ResidentSetSize of job (KB)
...
006 (2814820.472.000) 08/02 12:21:57 Image size of job updated: 67556
	31  -  MemoryUsage of job (MB)
	31464  -  ResidentSetSize of job (KB)
...
005 (2814820.476.000) 08/02 12:21:57 Job terminated.
	(1) Normal termination (return value 255)
		Usr 0 00:00:00, Sys 0 00:00:00  -  Run Remote Usage
		Usr 0 00:00:00, Sys 0 00:00:00  -  Run Local Usage
		Usr 0 00:00:00, Sys 0 00:00:00  -  Total Remote Usage
		Usr 0 00:00:00, Sys 0 00:00:00  -  Total Local Usage
	0  -  Run Bytes Sent By Job
	0  -  Run Bytes Received By Job
	0  -  Total Bytes Sent By Job
	0  -  Total Bytes Received By Job
	Partitionable Resources :    Usage  Request Allocated 
	   Cpus                 :     0.01        1         1 
	   Disk (KB)            :     1     2560000   2788741 
	   Memory (MB)          :    34        2048      2048 
...
005 (2814820.472.000) 08/02 12:21:57 Job terminated.
	(1) Normal termination (return value 255)
		Usr 0 00:00:00, Sys 0 00:00:00  -  Run Remote Usage
		Usr 0 00:00:00, Sys 0 00:00:00  -  Run Local Usage
		Usr 0 00:00:00, Sys 0 00:00:00  -  Total Remote Usage
		Usr 0 00:00:00, Sys 0 00:00:00  -  Total Local Usage
	0  -  Run Bytes Sent By Job
	0  -  Run Bytes Received By Job
	0  -  Total Bytes Sent By Job
	0  -  Total Bytes Received By Job
	Partitionable Resources :    Usage  Request Allocated 
	   Cpus                 :     0.03        1         1 
	   Disk (KB)            :     1     2560000   2788741 
	   Memory (MB)          :    31        2048      2048 
...
001 (2814820.369.000) 08/02 12:23:34 Job executing on host: <131.169.77.28:37695?addrs=131.169.77.28-37695>
...
001 (2814820.490.000) 08/02 12:23:35 Job executing on host: <131.169.164.4:43940?addrs=131.169.164.4-43940>
...
001 (2814820.485.000) 08/02 12:23:35 Job executing on host: <131.169.163.120:36399?addrs=131.169.163.120-36399>
...
001 (2814820.489.000) 08/02 12:23:35 Job executing on host: <131.169.77.209:38278?addrs=131.169.77.209-38278>
...
001 (2814820.387.000) 08/02 12:23:35 Job executing on host: <131.169.77.48:40842?addrs=131.169.77.48-40842>
...
001 (2814820.484.000) 08/02 12:23:35 Job executing on host: <131.169.164.30:40258?addrs=131.169.164.30-40258>
...
001 (2814820.494.000) 08/02 12:23:35 Job executing on host: <131.169.77.211:45884?addrs=131.169.77.211-45884>
...
001 (2814820.481.000) 08/02 12:23:35 Job executing on host: <131.169.84.183:44747?addrs=131.169.84.183-44747>
...
001 (2814820.473.000) 08/02 12:23:35 Job executing on host: <131.169.77.18:33086?addrs=131.169.77.18-33086>
...
001 (2814820.364.000) 08/02 12:23:35 Job executing on host: <131.169.77.13:41559?addrs=131.169.77.13-41559>
...
001 (2814820.487.000) 08/02 12:23:35 Job executing on host: <131.169.77.210:42792?addrs=131.169.77.210-42792>
...
001 (2814820.370.000) 08/02 12:23:35 Job executing on host: <131.169.77.56:42265?addrs=131.169.77.56-42265>
...
001 (2814820.493.000) 08/02 12:23:35 Job executing on host: <131.169.77.224:44821?addrs=131.169.77.224-44821>
...
001 (2814820.496.000) 08/02 12:23:35 Job executing on host: <131.169.164.17:33777?addrs=131.169.164.17-33777>
...
001 (2814820.482.000) 08/02 12:23:35 Job executing on host: <131.169.84.177:44243?addrs=131.169.84.177-44243>
...
001 (2814820.480.000) 08/02 12:23:35 Job executing on host: <131.169.77.17:41423?addrs=131.169.77.17-41423>
...
001 (2814820.388.000) 08/02 12:23:35 Job executing on host: <131.169.77.6:40049?addrs=131.169.77.6-40049>
...
001 (2814820.475.000) 08/02 12:23:35 Job executing on host: <131.169.84.160:41332?addrs=131.169.84.160-41332>
...
001 (2814820.483.000) 08/02 12:23:35 Job executing on host: <131.169.77.214:33329?addrs=131.169.77.214-33329>
...
001 (2814820.491.000) 08/02 12:23:35 Job executing on host: <131.169.164.4:43940?addrs=131.169.164.4-43940>
...
001 (2814820.478.000) 08/02 12:23:35 Job executing on host: <131.169.164.16:36627?addrs=131.169.164.16-36627>
...
001 (2814820.499.000) 08/02 12:23:36 Job executing on host: <131.169.164.7:39608?addrs=131.169.164.7-39608>
...
001 (2814820.495.000) 08/02 12:23:36 Job executing on host: <131.169.77.213:36556?addrs=131.169.77.213-36556>
...
001 (2814820.474.000) 08/02 12:23:36 Job executing on host: <131.169.77.59:41380?addrs=131.169.77.59-41380>
...
001 (2814820.363.000) 08/02 12:23:36 Job executing on host: <131.169.77.23:38418?addrs=131.169.77.23-38418>
...
001 (2814820.492.000) 08/02 12:23:36 Job executing on host: <131.169.164.40:43083?addrs=131.169.164.40-43083>
...
001 (2814820.488.000) 08/02 12:23:36 Job executing on host: <131.169.164.38:40426?addrs=131.169.164.38-40426>
...
001 (2814820.497.000) 08/02 12:23:36 Job executing on host: <131.169.164.46:36807?addrs=131.169.164.46-36807>
...
001 (2814820.498.000) 08/02 12:23:36 Job executing on host: <131.169.164.8:42756?addrs=131.169.164.8-42756>
...
006 (2814820.484.000) 08/02 12:23:36 Image size of job updated: 273296
	0  -  MemoryUsage of job (MB)
	0  -  ResidentSetSize of job (KB)
...
005 (2814820.484.000) 08/02 12:23:36 Job terminated.
	(1) Normal termination (return value 255)
		Usr 0 00:00:00, Sys 0 00:00:00  -  Run Remote Usage
		Usr 0 00:00:00, Sys 0 00:00:00  -  Run Local Usage
		Usr 0 00:00:00, Sys 0 00:00:00  -  Total Remote Usage
		Usr 0 00:00:00, Sys 0 00:00:00  -  Total Local Usage
	0  -  Run Bytes Sent By Job
	0  -  Run Bytes Received By Job
	0  -  Total Bytes Sent By Job
	0  -  Total Bytes Received By Job
	Partitionable Resources :    Usage  Request Allocated 
	   Cpus                 :                 1         1 
	   Disk (KB)            :        1  2560000   3001625 
	   Memory (MB)          :        0     2048      2048 
...
006 (2814820.489.000) 08/02 12:23:36 Image size of job updated: 1
	0  -  MemoryUsage of job (MB)
	0  -  ResidentSetSize of job (KB)
...
005 (2814820.489.000) 08/02 12:23:37 Job terminated.
	(1) Normal termination (return value 255)
		Usr 0 00:00:00, Sys 0 00:00:00  -  Run Remote Usage
		Usr 0 00:00:00, Sys 0 00:00:00  -  Run Local Usage
		Usr 0 00:00:00, Sys 0 00:00:00  -  Total Remote Usage
		Usr 0 00:00:00, Sys 0 00:00:00  -  Total Local Usage
	0  -  Run Bytes Sent By Job
	0  -  Run Bytes Received By Job
	0  -  Total Bytes Sent By Job
	0  -  Total Bytes Received By Job
	Partitionable Resources :    Usage  Request Allocated 
	   Cpus                 :                 1         1 
	   Disk (KB)            :        1  2560000   3790623 
	   Memory (MB)          :        0     2048      2048 
...
006 (2814820.387.000) 08/02 12:23:37 Image size of job updated: 1
	0  -  MemoryUsage of job (MB)
	0  -  ResidentSetSize of job (KB)
...
005 (2814820.387.000) 08/02 12:23:37 Job terminated.
	(1) Normal termination (return value 255)
		Usr 0 00:00:00, Sys 0 00:00:00  -  Run Remote Usage
		Usr 0 00:00:00, Sys 0 00:00:00  -  Run Local Usage
		Usr 0 00:00:00, Sys 0 00:00:00  -  Total Remote Usage
		Usr 0 00:00:00, Sys 0 00:00:00  -  Total Local Usage
	0  -  Run Bytes Sent By Job
	0  -  Run Bytes Received By Job
	0  -  Total Bytes Sent By Job
	0  -  Total Bytes Received By Job
	Partitionable Resources :    Usage  Request Allocated 
	   Cpus                 :                 1         1 
	   Disk (KB)            :        1  2560000   2829348 
	   Memory (MB)          :        0     2048      2048 
...
006 (2814820.478.000) 08/02 12:23:38 Image size of job updated: 1
	0  -  MemoryUsage of job (MB)
	0  -  ResidentSetSize of job (KB)
...
005 (2814820.478.000) 08/02 12:23:38 Job terminated.
	(1) Normal termination (return value 255)
		Usr 0 00:00:00, Sys 0 00:00:00  -  Run Remote Usage
		Usr 0 00:00:00, Sys 0 00:00:00  -  Run Local Usage
		Usr 0 00:00:00, Sys 0 00:00:00  -  Total Remote Usage
		Usr 0 00:00:00, Sys 0 00:00:00  -  Total Local Usage
	0  -  Run Bytes Sent By Job
	0  -  Run Bytes Received By Job
	0  -  Total Bytes Sent By Job
	0  -  Total Bytes Received By Job
	Partitionable Resources :    Usage  Request Allocated 
	   Cpus                 :        0        1         1 
	   Disk (KB)            :        1  2560000   3073792 
	   Memory (MB)          :        0     2048      2048 
...
006 (2814820.494.000) 08/02 12:23:38 Image size of job updated: 109564
	0  -  MemoryUsage of job (MB)
	0  -  ResidentSetSize of job (KB)
...
005 (2814820.494.000) 08/02 12:23:38 Job terminated.
	(1) Normal termination (return value 255)
		Usr 0 00:00:00, Sys 0 00:00:00  -  Run Remote Usage
		Usr 0 00:00:00, Sys 0 00:00:00  -  Run Local Usage
		Usr 0 00:00:00, Sys 0 00:00:00  -  Total Remote Usage
		Usr 0 00:00:00, Sys 0 00:00:00  -  Total Local Usage
	0  -  Run Bytes Sent By Job
	0  -  Run Bytes Received By Job
	0  -  Total Bytes Sent By Job
	0  -  Total Bytes Received By Job
	Partitionable Resources :    Usage  Request Allocated 
	   Cpus                 :        0        1         1 
	   Disk (KB)            :        1  2560000   3816471 
	   Memory (MB)          :        0     2048      2048 
...
006 (2814820.482.000) 08/02 12:23:39 Image size of job updated: 684
	0  -  MemoryUsage of job (MB)
	0  -  ResidentSetSize of job (KB)
...
005 (2814820.482.000) 08/02 12:23:39 Job terminated.
	(1) Normal termination (return value 255)
		Usr 0 00:00:00, Sys 0 00:00:00  -  Run Remote Usage
		Usr 0 00:00:00, Sys 0 00:00:00  -  Run Local Usage
		Usr 0 00:00:00, Sys 0 00:00:00  -  Total Remote Usage
		Usr 0 00:00:00, Sys 0 00:00:00  -  Total Local Usage
	0  -  Run Bytes Sent By Job
	0  -  Run Bytes Received By Job
	0  -  Total Bytes Sent By Job
	0  -  Total Bytes Received By Job
	Partitionable Resources :    Usage  Request Allocated 
	   Cpus                 :     0.01        1         1 
	   Disk (KB)            :     1     2560000   2838174 
	   Memory (MB)          :     0        2048      2048 
...
006 (2814820.483.000) 08/02 12:23:39 Image size of job updated: 22820
	0  -  MemoryUsage of job (MB)
	0  -  ResidentSetSize of job (KB)
...
005 (2814820.483.000) 08/02 12:23:39 Job terminated.
	(1) Normal termination (return value 255)
		Usr 0 00:00:00, Sys 0 00:00:00  -  Run Remote Usage
		Usr 0 00:00:00, Sys 0 00:00:00  -  Run Local Usage
		Usr 0 00:00:00, Sys 0 00:00:00  -  Total Remote Usage
		Usr 0 00:00:00, Sys 0 00:00:00  -  Total Local Usage
	0  -  Run Bytes Sent By Job
	0  -  Run Bytes Received By Job
	0  -  Total Bytes Sent By Job
	0  -  Total Bytes Received By Job
	Partitionable Resources :    Usage  Request Allocated 
	   Cpus                 :        0        1         1 
	   Disk (KB)            :        1  2560000   3792177 
	   Memory (MB)          :        0     2048      2048 
...
006 (2814820.370.000) 08/02 12:23:39 Image size of job updated: 632
	0  -  MemoryUsage of job (MB)
	0  -  ResidentSetSize of job (KB)
...
001 (2814820.486.000) 08/02 12:23:39 Job executing on host: <131.169.164.24:38048?addrs=131.169.164.24-38048>
...
005 (2814820.370.000) 08/02 12:23:39 Job terminated.
	(1) Normal termination (return value 255)
		Usr 0 00:00:00, Sys 0 00:00:00  -  Run Remote Usage
		Usr 0 00:00:00, Sys 0 00:00:00  -  Run Local Usage
		Usr 0 00:00:00, Sys 0 00:00:00  -  Total Remote Usage
		Usr 0 00:00:00, Sys 0 00:00:00  -  Total Local Usage
	0  -  Run Bytes Sent By Job
	0  -  Run Bytes Received By Job
	0  -  Total Bytes Sent By Job
	0  -  Total Bytes Received By Job
	Partitionable Resources :    Usage  Request Allocated 
	   Cpus                 :        0        1         1 
	   Disk (KB)            :        1  2560000   2833291 
	   Memory (MB)          :        0     2048      2048 
...
006 (2814820.497.000) 08/02 12:23:40 Image size of job updated: 301612
	0  -  MemoryUsage of job (MB)
	0  -  ResidentSetSize of job (KB)
...
006 (2814820.490.000) 08/02 12:23:40 Image size of job updated: 10684
	0  -  MemoryUsage of job (MB)
	0  -  ResidentSetSize of job (KB)
...
005 (2814820.497.000) 08/02 12:23:40 Job terminated.
	(1) Normal termination (return value 255)
		Usr 0 00:00:00, Sys 0 00:00:00  -  Run Remote Usage
		Usr 0 00:00:00, Sys 0 00:00:00  -  Run Local Usage
		Usr 0 00:00:00, Sys 0 00:00:00  -  Total Remote Usage
		Usr 0 00:00:00, Sys 0 00:00:00  -  Total Local Usage
	0  -  Run Bytes Sent By Job
	0  -  Run Bytes Received By Job
	0  -  Total Bytes Sent By Job
	0  -  Total Bytes Received By Job
	Partitionable Resources :    Usage  Request Allocated 
	   Cpus                 :        0        1         1 
	   Disk (KB)            :        1  2560000   3067279 
	   Memory (MB)          :        0     2048      2048 
...
005 (2814820.490.000) 08/02 12:23:40 Job terminated.
	(1) Normal termination (return value 255)
		Usr 0 00:00:00, Sys 0 00:00:00  -  Run Remote Usage
		Usr 0 00:00:00, Sys 0 00:00:00  -  Run Local Usage
		Usr 0 00:00:00, Sys 0 00:00:00  -  Total Remote Usage
		Usr 0 00:00:00, Sys 0 00:00:00  -  Total Local Usage
	0  -  Run Bytes Sent By Job
	0  -  Run Bytes Received By Job
	0  -  Total Bytes Sent By Job
	0  -  Total Bytes Received By Job
	Partitionable Resources :    Usage  Request Allocated 
	   Cpus                 :     0.01        1         1 
	   Disk (KB)            :     1     2560000   3072504 
	   Memory (MB)          :     0        2048      2048 
...
006 (2814820.480.000) 08/02 12:23:40 Image size of job updated: 17192
	0  -  MemoryUsage of job (MB)
	0  -  ResidentSetSize of job (KB)
...
005 (2814820.480.000) 08/02 12:23:40 Job terminated.
	(1) Normal termination (return value 255)
		Usr 0 00:00:00, Sys 0 00:00:00  -  Run Remote Usage
		Usr 0 00:00:00, Sys 0 00:00:00  -  Run Local Usage
		Usr 0 00:00:00, Sys 0 00:00:00  -  Total Remote Usage
		Usr 0 00:00:00, Sys 0 00:00:00  -  Total Local Usage
	0  -  Run Bytes Sent By Job
	0  -  Run Bytes Received By Job
	0  -  Total Bytes Sent By Job
	0  -  Total Bytes Received By Job
	Partitionable Resources :    Usage  Request Allocated 
	   Cpus                 :        0        1         1 
	   Disk (KB)            :        1  2560000   2831127 
	   Memory (MB)          :        0     2048      2048 
...
006 (2814820.473.000) 08/02 12:23:40 Image size of job updated: 352
	0  -  MemoryUsage of job (MB)
	0  -  ResidentSetSize of job (KB)
...
005 (2814820.473.000) 08/02 12:23:40 Job terminated.
	(1) Normal termination (return value 255)
		Usr 0 00:00:00, Sys 0 00:00:00  -  Run Remote Usage
		Usr 0 00:00:00, Sys 0 00:00:00  -  Run Local Usage
		Usr 0 00:00:00, Sys 0 00:00:00  -  Total Remote Usage
		Usr 0 00:00:00, Sys 0 00:00:00  -  Total Local Usage
	0  -  Run Bytes Sent By Job
	0  -  Run Bytes Received By Job
	0  -  Total Bytes Sent By Job
	0  -  Total Bytes Received By Job
	Partitionable Resources :    Usage  Request Allocated 
	   Cpus                 :        0        1         1 
	   Disk (KB)            :        1  2560000   2831406 
	   Memory (MB)          :        0     2048      2048 
...
006 (2814820.491.000) 08/02 12:23:40 Image size of job updated: 302684
	0  -  MemoryUsage of job (MB)
	0  -  ResidentSetSize of job (KB)
...
005 (2814820.491.000) 08/02 12:23:40 Job terminated.
	(1) Normal termination (return value 255)
		Usr 0 00:00:00, Sys 0 00:00:00  -  Run Remote Usage
		Usr 0 00:00:00, Sys 0 00:00:00  -  Run Local Usage
		Usr 0 00:00:00, Sys 0 00:00:00  -  Total Remote Usage
		Usr 0 00:00:00, Sys 0 00:00:00  -  Total Local Usage
	0  -  Run Bytes Sent By Job
	0  -  Run Bytes Received By Job
	0  -  Total Bytes Sent By Job
	0  -  Total Bytes Received By Job
	Partitionable Resources :    Usage  Request Allocated 
	   Cpus                 :        0        1         1 
	   Disk (KB)            :        1  2560000   3072504 
	   Memory (MB)          :        0     2048      2048 
...
006 (2814820.492.000) 08/02 12:23:40 Image size of job updated: 280
	0  -  MemoryUsage of job (MB)
	0  -  ResidentSetSize of job (KB)
...
006 (2814820.364.000) 08/02 12:23:40 Image size of job updated: 412
	0  -  MemoryUsage of job (MB)
	0  -  ResidentSetSize of job (KB)
...
005 (2814820.364.000) 08/02 12:23:40 Job terminated.
	(1) Normal termination (return value 255)
		Usr 0 00:00:00, Sys 0 00:00:00  -  Run Remote Usage
		Usr 0 00:00:00, Sys 0 00:00:00  -  Run Local Usage
		Usr 0 00:00:00, Sys 0 00:00:00  -  Total Remote Usage
		Usr 0 00:00:00, Sys 0 00:00:00  -  Total Local Usage
	0  -  Run Bytes Sent By Job
	0  -  Run Bytes Received By Job
	0  -  Total Bytes Sent By Job
	0  -  Total Bytes Received By Job
	Partitionable Resources :    Usage  Request Allocated 
	   Cpus                 :        0        1         1 
	   Disk (KB)            :        1  2560000   2829015 
	   Memory (MB)          :        0     2048      2048 
...
005 (2814820.492.000) 08/02 12:23:40 Job terminated.
	(1) Normal termination (return value 255)
		Usr 0 00:00:00, Sys 0 00:00:00  -  Run Remote Usage
		Usr 0 00:00:00, Sys 0 00:00:00  -  Run Local Usage
		Usr 0 00:00:00, Sys 0 00:00:00  -  Total Remote Usage
		Usr 0 00:00:00, Sys 0 00:00:00  -  Total Local Usage
	0  -  Run Bytes Sent By Job
	0  -  Run Bytes Received By Job
	0  -  Total Bytes Sent By Job
	0  -  Total Bytes Received By Job
	Partitionable Resources :    Usage  Request Allocated 
	   Cpus                 :        0        1         1 
	   Disk (KB)            :        1  2560000   2995773 
	   Memory (MB)          :        0     2048      2048 
...
006 (2814820.488.000) 08/02 12:23:40 Image size of job updated: 16160
	0  -  MemoryUsage of job (MB)
	0  -  ResidentSetSize of job (KB)
...
006 (2814820.388.000) 08/02 12:23:40 Image size of job updated: 301596
	0  -  MemoryUsage of job (MB)
	0  -  ResidentSetSize of job (KB)
...
005 (2814820.488.000) 08/02 12:23:40 Job terminated.
	(1) Normal termination (return value 255)
		Usr 0 00:00:00, Sys 0 00:00:00  -  Run Remote Usage
		Usr 0 00:00:00, Sys 0 00:00:00  -  Run Local Usage
		Usr 0 00:00:00, Sys 0 00:00:00  -  Total Remote Usage
		Usr 0 00:00:00, Sys 0 00:00:00  -  Total Local Usage
	0  -  Run Bytes Sent By Job
	0  -  Run Bytes Received By Job
	0  -  Total Bytes Sent By Job
	0  -  Total Bytes Received By Job
	Partitionable Resources :    Usage  Request Allocated 
	   Cpus                 :        0        1         1 
	   Disk (KB)            :        1  2560000   3073481 
	   Memory (MB)          :        0     2048      2048 
...
005 (2814820.388.000) 08/02 12:23:40 Job terminated.
	(1) Normal termination (return value 255)
		Usr 0 00:00:00, Sys 0 00:00:00  -  Run Remote Usage
		Usr 0 00:00:00, Sys 0 00:00:00  -  Run Local Usage
		Usr 0 00:00:00, Sys 0 00:00:00  -  Total Remote Usage
		Usr 0 00:00:00, Sys 0 00:00:00  -  Total Local Usage
	0  -  Run Bytes Sent By Job
	0  -  Run Bytes Received By Job
	0  -  Total Bytes Sent By Job
	0  -  Total Bytes Received By Job
	Partitionable Resources :    Usage  Request Allocated 
	   Cpus                 :        0        1         1 
	   Disk (KB)            :        1  2560000   2832647 
	   Memory (MB)          :        0     2048      2048 
...
006 (2814820.499.000) 08/02 12:23:41 Image size of job updated: 21408
	0  -  MemoryUsage of job (MB)
	0  -  ResidentSetSize of job (KB)
...
006 (2814820.487.000) 08/02 12:23:41 Image size of job updated: 301596
	0  -  MemoryUsage of job (MB)
	0  -  ResidentSetSize of job (KB)
...
005 (2814820.499.000) 08/02 12:23:41 Job terminated.
	(1) Normal termination (return value 255)
		Usr 0 00:00:00, Sys 0 00:00:00  -  Run Remote Usage
		Usr 0 00:00:00, Sys 0 00:00:00  -  Run Local Usage
		Usr 0 00:00:00, Sys 0 00:00:00  -  Total Remote Usage
		Usr 0 00:00:00, Sys 0 00:00:00  -  Total Local Usage
	0  -  Run Bytes Sent By Job
	0  -  Run Bytes Received By Job
	0  -  Total Bytes Sent By Job
	0  -  Total Bytes Received By Job
	Partitionable Resources :    Usage  Request Allocated 
	   Cpus                 :        0        1         1 
	   Disk (KB)            :        1  2560000   3070083 
	   Memory (MB)          :        0     2048      2048 
...
005 (2814820.487.000) 08/02 12:23:41 Job terminated.
	(1) Normal termination (return value 255)
		Usr 0 00:00:00, Sys 0 00:00:00  -  Run Remote Usage
		Usr 0 00:00:00, Sys 0 00:00:00  -  Run Local Usage
		Usr 0 00:00:00, Sys 0 00:00:00  -  Total Remote Usage
		Usr 0 00:00:00, Sys 0 00:00:00  -  Total Local Usage
	0  -  Run Bytes Sent By Job
	0  -  Run Bytes Received By Job
	0  -  Total Bytes Sent By Job
	0  -  Total Bytes Received By Job
	Partitionable Resources :    Usage  Request Allocated 
	   Cpus                 :        0        1         1 
	   Disk (KB)            :        1  2560000   3786539 
	   Memory (MB)          :        0     2048      2048 
...
006 (2814820.498.000) 08/02 12:23:41 Image size of job updated: 21604
	0  -  MemoryUsage of job (MB)
	0  -  ResidentSetSize of job (KB)
...
005 (2814820.498.000) 08/02 12:23:41 Job terminated.
	(1) Normal termination (return value 255)
		Usr 0 00:00:00, Sys 0 00:00:00  -  Run Remote Usage
		Usr 0 00:00:00, Sys 0 00:00:00  -  Run Local Usage
		Usr 0 00:00:00, Sys 0 00:00:00  -  Total Remote Usage
		Usr 0 00:00:00, Sys 0 00:00:00  -  Total Local Usage
	0  -  Run Bytes Sent By Job
	0  -  Run Bytes Received By Job
	0  -  Total Bytes Sent By Job
	0  -  Total Bytes Received By Job
	Partitionable Resources :    Usage  Request Allocated 
	   Cpus                 :        0        1         1 
	   Disk (KB)            :        1  2560000   3077088 
	   Memory (MB)          :        0     2048      2048 
...
006 (2814820.481.000) 08/02 12:23:41 Image size of job updated: 428
	0  -  MemoryUsage of job (MB)
	0  -  ResidentSetSize of job (KB)
...
005 (2814820.481.000) 08/02 12:23:41 Job terminated.
	(1) Normal termination (return value 255)
		Usr 0 00:00:00, Sys 0 00:00:00  -  Run Remote Usage
		Usr 0 00:00:00, Sys 0 00:00:00  -  Run Local Usage
		Usr 0 00:00:00, Sys 0 00:00:00  -  Total Remote Usage
		Usr 0 00:00:00, Sys 0 00:00:00  -  Total Local Usage
	0  -  Run Bytes Sent By Job
	0  -  Run Bytes Received By Job
	0  -  Total Bytes Sent By Job
	0  -  Total Bytes Received By Job
	Partitionable Resources :    Usage  Request Allocated 
	   Cpus                 :     0.01        1         1 
	   Disk (KB)            :     1     2560000   2836152 
	   Memory (MB)          :     0        2048      2048 
...
006 (2814820.475.000) 08/02 12:23:41 Image size of job updated: 277416
	0  -  MemoryUsage of job (MB)
	0  -  ResidentSetSize of job (KB)
...
006 (2814820.474.000) 08/02 12:23:41 Image size of job updated: 125640
	0  -  MemoryUsage of job (MB)
	0  -  ResidentSetSize of job (KB)
...
005 (2814820.475.000) 08/02 12:23:41 Job terminated.
	(1) Normal termination (return value 255)
		Usr 0 00:00:00, Sys 0 00:00:00  -  Run Remote Usage
		Usr 0 00:00:00, Sys 0 00:00:00  -  Run Local Usage
		Usr 0 00:00:00, Sys 0 00:00:00  -  Total Remote Usage
		Usr 0 00:00:00, Sys 0 00:00:00  -  Total Local Usage
	0  -  Run Bytes Sent By Job
	0  -  Run Bytes Received By Job
	0  -  Total Bytes Sent By Job
	0  -  Total Bytes Received By Job
	Partitionable Resources :    Usage  Request Allocated 
	   Cpus                 :        0        1         1 
	   Disk (KB)            :        1  2560000   2835488 
	   Memory (MB)          :        0     2048      2048 
...
006 (2814820.496.000) 08/02 12:23:41 Image size of job updated: 352
	0  -  MemoryUsage of job (MB)
	0  -  ResidentSetSize of job (KB)
...
005 (2814820.474.000) 08/02 12:23:41 Job terminated.
	(1) Normal termination (return value 255)
		Usr 0 00:00:00, Sys 0 00:00:00  -  Run Remote Usage
		Usr 0 00:00:00, Sys 0 00:00:00  -  Run Local Usage
		Usr 0 00:00:00, Sys 0 00:00:00  -  Total Remote Usage
		Usr 0 00:00:00, Sys 0 00:00:00  -  Total Local Usage
	0  -  Run Bytes Sent By Job
	0  -  Run Bytes Received By Job
	0  -  Total Bytes Sent By Job
	0  -  Total Bytes Received By Job
	Partitionable Resources :    Usage  Request Allocated 
	   Cpus                 :     0.01        1         1 
	   Disk (KB)            :     1     2560000   2836421 
	   Memory (MB)          :     0        2048      2048 
...
005 (2814820.496.000) 08/02 12:23:41 Job terminated.
	(1) Normal termination (return value 255)
		Usr 0 00:00:00, Sys 0 00:00:00  -  Run Remote Usage
		Usr 0 00:00:00, Sys 0 00:00:00  -  Run Local Usage
		Usr 0 00:00:00, Sys 0 00:00:00  -  Total Remote Usage
		Usr 0 00:00:00, Sys 0 00:00:00  -  Total Local Usage
	0  -  Run Bytes Sent By Job
	0  -  Run Bytes Received By Job
	0  -  Total Bytes Sent By Job
	0  -  Total Bytes Received By Job
	Partitionable Resources :    Usage  Request Allocated 
	   Cpus                 :        0        1         1 
	   Disk (KB)            :        1  2560000   2986774 
	   Memory (MB)          :        0     2048      2048 
...
006 (2814820.495.000) 08/02 12:23:41 Image size of job updated: 109536
	0  -  MemoryUsage of job (MB)
	0  -  ResidentSetSize of job (KB)
...
005 (2814820.495.000) 08/02 12:23:42 Job terminated.
	(1) Normal termination (return value 255)
		Usr 0 00:00:00, Sys 0 00:00:00  -  Run Remote Usage
		Usr 0 00:00:00, Sys 0 00:00:00  -  Run Local Usage
		Usr 0 00:00:00, Sys 0 00:00:00  -  Total Remote Usage
		Usr 0 00:00:00, Sys 0 00:00:00  -  Total Local Usage
	0  -  Run Bytes Sent By Job
	0  -  Run Bytes Received By Job
	0  -  Total Bytes Sent By Job
	0  -  Total Bytes Received By Job
	Partitionable Resources :    Usage  Request Allocated 
	   Cpus                 :        0        1         1 
	   Disk (KB)            :        1  2560000   3788438 
	   Memory (MB)          :        0     2048      2048 
...
006 (2814820.485.000) 08/02 12:23:42 Image size of job updated: 15692
	0  -  MemoryUsage of job (MB)
	0  -  ResidentSetSize of job (KB)
...
005 (2814820.485.000) 08/02 12:23:42 Job terminated.
	(1) Normal termination (return value 255)
		Usr 0 00:00:00, Sys 0 00:00:00  -  Run Remote Usage
		Usr 0 00:00:00, Sys 0 00:00:00  -  Run Local Usage
		Usr 0 00:00:00, Sys 0 00:00:00  -  Total Remote Usage
		Usr 0 00:00:00, Sys 0 00:00:00  -  Total Local Usage
	0  -  Run Bytes Sent By Job
	0  -  Run Bytes Received By Job
	0  -  Total Bytes Sent By Job
	0  -  Total Bytes Received By Job
	Partitionable Resources :    Usage  Request Allocated 
	   Cpus                 :        0        1         1 
	   Disk (KB)            :        1  2560000   3251525 
	   Memory (MB)          :        0     2048      2048 
...
006 (2814820.493.000) 08/02 12:23:42 Image size of job updated: 532
	0  -  MemoryUsage of job (MB)
	0  -  ResidentSetSize of job (KB)
...
005 (2814820.493.000) 08/02 12:23:42 Job terminated.
	(1) Normal termination (return value 255)
		Usr 0 00:00:00, Sys 0 00:00:00  -  Run Remote Usage
		Usr 0 00:00:00, Sys 0 00:00:00  -  Run Local Usage
		Usr 0 00:00:00, Sys 0 00:00:00  -  Total Remote Usage
		Usr 0 00:00:00, Sys 0 00:00:00  -  Total Local Usage
	0  -  Run Bytes Sent By Job
	0  -  Run Bytes Received By Job
	0  -  Total Bytes Sent By Job
	0  -  Total Bytes Received By Job
	Partitionable Resources :    Usage  Request Allocated 
	   Cpus                 :        0        1         1 
	   Disk (KB)            :        1  2560000   3806938 
	   Memory (MB)          :        0     2048      2048 
...
006 (2814820.369.000) 08/02 12:23:42 Image size of job updated: 118996
	0  -  MemoryUsage of job (MB)
	0  -  ResidentSetSize of job (KB)
...
005 (2814820.369.000) 08/02 12:23:42 Job terminated.
	(1) Normal termination (return value 255)
		Usr 0 00:00:00, Sys 0 00:00:00  -  Run Remote Usage
		Usr 0 00:00:00, Sys 0 00:00:00  -  Run Local Usage
		Usr 0 00:00:00, Sys 0 00:00:00  -  Total Remote Usage
		Usr 0 00:00:00, Sys 0 00:00:00  -  Total Local Usage
	0  -  Run Bytes Sent By Job
	0  -  Run Bytes Received By Job
	0  -  Total Bytes Sent By Job
	0  -  Total Bytes Received By Job
	Partitionable Resources :    Usage  Request Allocated 
	   Cpus                 :        0        1         1 
	   Disk (KB)            :        1  2560000   2830459 
	   Memory (MB)          :        0     2048      2048 
...
006 (2814820.363.000) 08/02 12:23:42 Image size of job updated: 87752
	0  -  MemoryUsage of job (MB)
	0  -  ResidentSetSize of job (KB)
...
005 (2814820.363.000) 08/02 12:23:42 Job terminated.
	(1) Normal termination (return value 255)
		Usr 0 00:00:00, Sys 0 00:00:00  -  Run Remote Usage
		Usr 0 00:00:00, Sys 0 00:00:00  -  Run Local Usage
		Usr 0 00:00:00, Sys 0 00:00:00  -  Total Remote Usage
		Usr 0 00:00:00, Sys 0 00:00:00  -  Total Local Usage
	0  -  Run Bytes Sent By Job
	0  -  Run Bytes Received By Job
	0  -  Total Bytes Sent By Job
	0  -  Total Bytes Received By Job
	Partitionable Resources :    Usage  Request Allocated 
	   Cpus                 :        0        1         1 
	   Disk (KB)            :        1  2560000   2831485 
	   Memory (MB)          :        0     2048      2048 
...
006 (2814820.486.000) 08/02 12:23:46 Image size of job updated: 301596
	0  -  MemoryUsage of job (MB)
	0  -  ResidentSetSize of job (KB)
...
005 (2814820.486.000) 08/02 12:23:46 Job terminated.
	(1) Normal termination (return value 255)
		Usr 0 00:00:00, Sys 0 00:00:00  -  Run Remote Usage
		Usr 0 00:00:00, Sys 0 00:00:00  -  Run Local Usage
		Usr 0 00:00:00, Sys 0 00:00:00  -  Total Remote Usage
		Usr 0 00:00:00, Sys 0 00:00:00  -  Total Local Usage
	0  -  Run Bytes Sent By Job
	0  -  Run Bytes Received By Job
	0  -  Total Bytes Sent By Job
	0  -  Total Bytes Received By Job
	Partitionable Resources :    Usage  Request Allocated 
	   Cpus                 :     0.02        1         1 
	   Disk (KB)            :     1     2560000   3075028 
	   Memory (MB)          :     0        2048      2048 
...
001 (2814820.528.000) 08/02 12:25:41 Job executing on host: <131.169.164.12:44535?addrs=131.169.164.12-44535>
...
001 (2814820.520.000) 08/02 12:25:41 Job executing on host: <131.169.164.45:35205?addrs=131.169.164.45-35205>
...
001 (2814820.561.000) 08/02 12:25:42 Job executing on host: <131.169.164.5:40701?addrs=131.169.164.5-40701>
...
001 (2814820.532.000) 08/02 12:25:42 Job executing on host: <131.169.164.40:43083?addrs=131.169.164.40-43083>
...
001 (2814820.523.000) 08/02 12:25:42 Job executing on host: <131.169.164.6:40169?addrs=131.169.164.6-40169>
...
006 (2814820.528.000) 08/02 12:25:44 Image size of job updated: 302684
	0  -  MemoryUsage of job (MB)
	0  -  ResidentSetSize of job (KB)
...
005 (2814820.528.000) 08/02 12:25:44 Job terminated.
	(1) Normal termination (return value 255)
		Usr 0 00:00:00, Sys 0 00:00:00  -  Run Remote Usage
		Usr 0 00:00:00, Sys 0 00:00:00  -  Run Local Usage
		Usr 0 00:00:00, Sys 0 00:00:00  -  Total Remote Usage
		Usr 0 00:00:00, Sys 0 00:00:00  -  Total Local Usage
	0  -  Run Bytes Sent By Job
	0  -  Run Bytes Received By Job
	0  -  Total Bytes Sent By Job
	0  -  Total Bytes Received By Job
	Partitionable Resources :    Usage  Request Allocated 
	   Cpus                 :        0        1         1 
	   Disk (KB)            :        1  2560000   3073680 
	   Memory (MB)          :        0     2048      2048 
...
006 (2814820.532.000) 08/02 12:25:45 Image size of job updated: 125640
	0  -  MemoryUsage of job (MB)
	0  -  ResidentSetSize of job (KB)
...
005 (2814820.532.000) 08/02 12:25:45 Job terminated.
	(1) Normal termination (return value 255)
		Usr 0 00:00:00, Sys 0 00:00:00  -  Run Remote Usage
		Usr 0 00:00:00, Sys 0 00:00:00  -  Run Local Usage
		Usr 0 00:00:00, Sys 0 00:00:00  -  Total Remote Usage
		Usr 0 00:00:00, Sys 0 00:00:00  -  Total Local Usage
	0  -  Run Bytes Sent By Job
	0  -  Run Bytes Received By Job
	0  -  Total Bytes Sent By Job
	0  -  Total Bytes Received By Job
	Partitionable Resources :    Usage  Request Allocated 
	   Cpus                 :        0        1         1 
	   Disk (KB)            :        1  2560000   2995773 
	   Memory (MB)          :        0     2048      2048 
...
006 (2814820.561.000) 08/02 12:25:49 Image size of job updated: 302684
	0  -  MemoryUsage of job (MB)
	0  -  ResidentSetSize of job (KB)
...
005 (2814820.561.000) 08/02 12:25:49 Job terminated.
	(1) Normal termination (return value 255)
		Usr 0 00:00:00, Sys 0 00:00:00  -  Run Remote Usage
		Usr 0 00:00:00, Sys 0 00:00:00  -  Run Local Usage
		Usr 0 00:00:00, Sys 0 00:00:00  -  Total Remote Usage
		Usr 0 00:00:00, Sys 0 00:00:00  -  Total Local Usage
	0  -  Run Bytes Sent By Job
	0  -  Run Bytes Received By Job
	0  -  Total Bytes Sent By Job
	0  -  Total Bytes Received By Job
	Partitionable Resources :    Usage  Request Allocated 
	   Cpus                 :        0        1         1 
	   Disk (KB)            :        1  2560000   3070349 
	   Memory (MB)          :        0     2048      2048 
...
006 (2814820.523.000) 08/02 12:25:49 Image size of job updated: 302684
	0  -  MemoryUsage of job (MB)
	0  -  ResidentSetSize of job (KB)
...
005 (2814820.523.000) 08/02 12:25:49 Job terminated.
	(1) Normal termination (return value 255)
		Usr 0 00:00:00, Sys 0 00:00:00  -  Run Remote Usage
		Usr 0 00:00:00, Sys 0 00:00:00  -  Run Local Usage
		Usr 0 00:00:00, Sys 0 00:00:00  -  Total Remote Usage
		Usr 0 00:00:00, Sys 0 00:00:00  -  Total Local Usage
	0  -  Run Bytes Sent By Job
	0  -  Run Bytes Received By Job
	0  -  Total Bytes Sent By Job
	0  -  Total Bytes Received By Job
	Partitionable Resources :    Usage  Request Allocated 
	   Cpus                 :        0        1         1 
	   Disk (KB)            :        1  2560000   3070521 
	   Memory (MB)          :        0     2048      2048 
...
006 (2814820.520.000) 08/02 12:25:50 Image size of job updated: 301596
	0  -  MemoryUsage of job (MB)
	0  -  ResidentSetSize of job (KB)
...
005 (2814820.520.000) 08/02 12:25:50 Job terminated.
	(1) Normal termination (return value 255)
		Usr 0 00:00:00, Sys 0 00:00:00  -  Run Remote Usage
		Usr 0 00:00:00, Sys 0 00:00:00  -  Run Local Usage
		Usr 0 00:00:00, Sys 0 00:00:00  -  Total Remote Usage
		Usr 0 00:00:00, Sys 0 00:00:00  -  Total Local Usage
	0  -  Run Bytes Sent By Job
	0  -  Run Bytes Received By Job
	0  -  Total Bytes Sent By Job
	0  -  Total Bytes Received By Job
	Partitionable Resources :    Usage  Request Allocated 
	   Cpus                 :     0.02        1         1 
	   Disk (KB)            :     1     2560000   3075532 
	   Memory (MB)          :     0        2048      2048 
...
001 (2814820.581.000) 08/02 12:27:41 Job executing on host: <131.169.77.227:44884?addrs=131.169.77.227-44884>
...
001 (2814820.553.000) 08/02 12:27:41 Job executing on host: <131.169.77.56:42265?addrs=131.169.77.56-42265>
...
001 (2814820.515.000) 08/02 12:27:41 Job executing on host: <131.169.163.110:40572?addrs=131.169.163.110-40572>
...
001 (2814820.519.000) 08/02 12:27:41 Job executing on host: <131.169.164.16:36627?addrs=131.169.164.16-36627>
...
001 (2814820.566.000) 08/02 12:27:41 Job executing on host: <131.169.163.135:38688?addrs=131.169.163.135-38688>
...
001 (2814820.572.000) 08/02 12:27:41 Job executing on host: <131.169.164.27:37816?addrs=131.169.164.27-37816>
...
001 (2814820.562.000) 08/02 12:27:41 Job executing on host: <131.169.163.119:45044?addrs=131.169.163.119-45044>
...
001 (2814820.563.000) 08/02 12:27:41 Job executing on host: <131.169.163.119:45044?addrs=131.169.163.119-45044>
...
001 (2814820.557.000) 08/02 12:27:41 Job executing on host: <131.169.77.9:41983?addrs=131.169.77.9-41983>
...
001 (2814820.586.000) 08/02 12:27:41 Job executing on host: <131.169.163.127:40938?addrs=131.169.163.127-40938>
...
001 (2814820.530.000) 08/02 12:27:41 Job executing on host: <131.169.163.102:35926?addrs=131.169.163.102-35926>
...
001 (2814820.527.000) 08/02 12:27:42 Job executing on host: <131.169.164.13:40853?addrs=131.169.164.13-40853>
...
001 (2814820.575.000) 08/02 12:27:42 Job executing on host: <131.169.77.18:33086?addrs=131.169.77.18-33086>
...
001 (2814820.578.000) 08/02 12:27:42 Job executing on host: <131.169.77.18:33086?addrs=131.169.77.18-33086>
...
001 (2814820.587.000) 08/02 12:27:42 Job executing on host: <131.169.163.127:40938?addrs=131.169.163.127-40938>
...
001 (2814820.531.000) 08/02 12:27:42 Job executing on host: <131.169.164.32:34374?addrs=131.169.164.32-34374>
...
001 (2814820.583.000) 08/02 12:27:42 Job executing on host: <131.169.77.227:44884?addrs=131.169.77.227-44884>
...
001 (2814820.568.000) 08/02 12:27:42 Job executing on host: <131.169.77.217:46163?addrs=131.169.77.217-46163>
...
001 (2814820.540.000) 08/02 12:27:42 Job executing on host: <131.169.163.123:34730?addrs=131.169.163.123-34730>
...
001 (2814820.529.000) 08/02 12:27:42 Job executing on host: <131.169.77.219:41778?addrs=131.169.77.219-41778>
...
001 (2814820.579.000) 08/02 12:27:42 Job executing on host: <131.169.77.18:33086?addrs=131.169.77.18-33086>
...
001 (2814820.567.000) 08/02 12:27:42 Job executing on host: <131.169.163.135:38688?addrs=131.169.163.135-38688>
...
001 (2814820.569.000) 08/02 12:27:42 Job executing on host: <131.169.77.217:46163?addrs=131.169.77.217-46163>
...
001 (2814820.556.000) 08/02 12:27:42 Job executing on host: <131.169.77.56:42265?addrs=131.169.77.56-42265>
...
001 (2814820.564.000) 08/02 12:27:42 Job executing on host: <131.169.163.101:39970?addrs=131.169.163.101-39970>
...
001 (2814820.543.000) 08/02 12:27:42 Job executing on host: <131.169.164.29:41785?addrs=131.169.164.29-41785>
...
001 (2814820.533.000) 08/02 12:27:42 Job executing on host: <131.169.164.44:33044?addrs=131.169.164.44-33044>
...
001 (2814820.546.000) 08/02 12:27:42 Job executing on host: <131.169.164.34:46331?addrs=131.169.164.34-46331>
...
001 (2814820.558.000) 08/02 12:27:42 Job executing on host: <131.169.77.9:41983?addrs=131.169.77.9-41983>
...
001 (2814820.551.000) 08/02 12:27:42 Job executing on host: <131.169.76.204:44543?addrs=131.169.76.204-44543>
...
001 (2814820.565.000) 08/02 12:27:42 Job executing on host: <131.169.163.101:39970?addrs=131.169.163.101-39970>
...
001 (2814820.545.000) 08/02 12:27:42 Job executing on host: <131.169.164.9:46881?addrs=131.169.164.9-46881>
...
001 (2814820.588.000) 08/02 12:27:42 Job executing on host: <131.169.163.127:40938?addrs=131.169.163.127-40938>
...
001 (2814820.539.000) 08/02 12:27:42 Job executing on host: <131.169.77.212:43704?addrs=131.169.77.212-43704>
...
001 (2814820.536.000) 08/02 12:27:42 Job executing on host: <131.169.164.2:44740?addrs=131.169.164.2-44740>
...
001 (2814820.547.000) 08/02 12:27:42 Job executing on host: <131.169.77.206:41742?addrs=131.169.77.206-41742>
...
001 (2814820.549.000) 08/02 12:27:42 Job executing on host: <131.169.76.204:44543?addrs=131.169.76.204-44543>
...
001 (2814820.570.000) 08/02 12:27:42 Job executing on host: <131.169.163.114:41488?addrs=131.169.163.114-41488>
...
001 (2814820.571.000) 08/02 12:27:42 Job executing on host: <131.169.163.114:41488?addrs=131.169.163.114-41488>
...
001 (2814820.534.000) 08/02 12:27:42 Job executing on host: <131.169.163.138:33688?addrs=131.169.163.138-33688>
...
001 (2814820.589.000) 08/02 12:27:42 Job executing on host: <131.169.163.134:35234?addrs=131.169.163.134-35234>
...
001 (2814820.537.000) 08/02 12:27:42 Job executing on host: <131.169.164.31:34014?addrs=131.169.164.31-34014>
...
001 (2814820.590.000) 08/02 12:27:42 Job executing on host: <131.169.163.134:35234?addrs=131.169.163.134-35234>
...
001 (2814820.584.000) 08/02 12:27:42 Job executing on host: <131.169.77.227:44884?addrs=131.169.77.227-44884>
...
001 (2814820.573.000) 08/02 12:27:42 Job executing on host: <131.169.77.222:32956?addrs=131.169.77.222-32956>
...
001 (2814820.559.000) 08/02 12:27:43 Job executing on host: <131.169.84.156:36601?addrs=131.169.84.156-36601>
...
001 (2814820.560.000) 08/02 12:27:43 Job executing on host: <131.169.84.156:36601?addrs=131.169.84.156-36601>
...
001 (2814820.548.000) 08/02 12:27:43 Job executing on host: <131.169.164.35:44858?addrs=131.169.164.35-44858>
...
001 (2814820.535.000) 08/02 12:27:43 Job executing on host: <131.169.77.226:46743?addrs=131.169.77.226-46743>
...
001 (2814820.541.000) 08/02 12:27:43 Job executing on host: <131.169.164.41:43095?addrs=131.169.164.41-43095>
...
001 (2814820.574.000) 08/02 12:27:43 Job executing on host: <131.169.77.222:32956?addrs=131.169.77.222-32956>
...
006 (2814820.558.000) 08/02 12:27:44 Image size of job updated: 32460
	0  -  MemoryUsage of job (MB)
	0  -  ResidentSetSize of job (KB)
...
005 (2814820.558.000) 08/02 12:27:44 Job terminated.
	(1) Normal termination (return value 255)
		Usr 0 00:00:00, Sys 0 00:00:00  -  Run Remote Usage
		Usr 0 00:00:00, Sys 0 00:00:00  -  Run Local Usage
		Usr 0 00:00:00, Sys 0 00:00:00  -  Total Remote Usage
		Usr 0 00:00:00, Sys 0 00:00:00  -  Total Local Usage
	0  -  Run Bytes Sent By Job
	0  -  Run Bytes Received By Job
	0  -  Total Bytes Sent By Job
	0  -  Total Bytes Received By Job
	Partitionable Resources :    Usage  Request Allocated 
	   Cpus                 :        0        1         1 
	   Disk (KB)            :        1  2560000   2834695 
	   Memory (MB)          :        0     2048      2048 
...
006 (2814820.569.000) 08/02 12:27:44 Image size of job updated: 23684
	0  -  MemoryUsage of job (MB)
	0  -  ResidentSetSize of job (KB)
...
005 (2814820.569.000) 08/02 12:27:44 Job terminated.
	(1) Normal termination (return value 255)
		Usr 0 00:00:00, Sys 0 00:00:00  -  Run Remote Usage
		Usr 0 00:00:00, Sys 0 00:00:00  -  Run Local Usage
		Usr 0 00:00:00, Sys 0 00:00:00  -  Total Remote Usage
		Usr 0 00:00:00, Sys 0 00:00:00  -  Total Local Usage
	0  -  Run Bytes Sent By Job
	0  -  Run Bytes Received By Job
	0  -  Total Bytes Sent By Job
	0  -  Total Bytes Received By Job
	Partitionable Resources :    Usage  Request Allocated 
	   Cpus                 :        0        1         1 
	   Disk (KB)            :        1  2560000   3796821 
	   Memory (MB)          :        0     2048      2048 
...
006 (2814820.588.000) 08/02 12:27:44 Image size of job updated: 12228
	0  -  MemoryUsage of job (MB)
	0  -  ResidentSetSize of job (KB)
...
005 (2814820.588.000) 08/02 12:27:44 Job terminated.
	(1) Normal termination (return value 255)
		Usr 0 00:00:00, Sys 0 00:00:00  -  Run Remote Usage
		Usr 0 00:00:00, Sys 0 00:00:00  -  Run Local Usage
		Usr 0 00:00:00, Sys 0 00:00:00  -  Total Remote Usage
		Usr 0 00:00:00, Sys 0 00:00:00  -  Total Local Usage
	0  -  Run Bytes Sent By Job
	0  -  Run Bytes Received By Job
	0  -  Total Bytes Sent By Job
	0  -  Total Bytes Received By Job
	Partitionable Resources :    Usage  Request Allocated 
	   Cpus                 :        0        1         1 
	   Disk (KB)            :        1  2560000   3253362 
	   Memory (MB)          :        0     2048      2048 
...
006 (2814820.572.000) 08/02 12:27:45 Image size of job updated: 19816
	0  -  MemoryUsage of job (MB)
	0  -  ResidentSetSize of job (KB)
...
006 (2814820.519.000) 08/02 12:27:45 Image size of job updated: 109544
	0  -  MemoryUsage of job (MB)
	0  -  ResidentSetSize of job (KB)
...
005 (2814820.519.000) 08/02 12:27:45 Job terminated.
	(1) Normal termination (return value 255)
		Usr 0 00:00:00, Sys 0 00:00:00  -  Run Remote Usage
		Usr 0 00:00:00, Sys 0 00:00:00  -  Run Local Usage
		Usr 0 00:00:00, Sys 0 00:00:00  -  Total Remote Usage
		Usr 0 00:00:00, Sys 0 00:00:00  -  Total Local Usage
	0  -  Run Bytes Sent By Job
	0  -  Run Bytes Received By Job
	0  -  Total Bytes Sent By Job
	0  -  Total Bytes Received By Job
	Partitionable Resources :    Usage  Request Allocated 
	   Cpus                 :        0        1         1 
	   Disk (KB)            :        1  2560000   3073792 
	   Memory (MB)          :        0     2048      2048 
...
006 (2814820.556.000) 08/02 12:27:45 Image size of job updated: 23788
	0  -  MemoryUsage of job (MB)
	0  -  ResidentSetSize of job (KB)
...
005 (2814820.556.000) 08/02 12:27:45 Job terminated.
	(1) Normal termination (return value 255)
		Usr 0 00:00:00, Sys 0 00:00:00  -  Run Remote Usage
		Usr 0 00:00:00, Sys 0 00:00:00  -  Run Local Usage
		Usr 0 00:00:00, Sys 0 00:00:00  -  Total Remote Usage
		Usr 0 00:00:00, Sys 0 00:00:00  -  Total Local Usage
	0  -  Run Bytes Sent By Job
	0  -  Run Bytes Received By Job
	0  -  Total Bytes Sent By Job
	0  -  Total Bytes Received By Job
	Partitionable Resources :    Usage  Request Allocated 
	   Cpus                 :        0        1         1 
	   Disk (KB)            :        1  2560000   2833291 
	   Memory (MB)          :        0     2048      2048 
...
005 (2814820.572.000) 08/02 12:27:45 Job terminated.
	(1) Normal termination (return value 255)
		Usr 0 00:00:00, Sys 0 00:00:00  -  Run Remote Usage
		Usr 0 00:00:00, Sys 0 00:00:00  -  Run Local Usage
		Usr 0 00:00:00, Sys 0 00:00:00  -  Total Remote Usage
		Usr 0 00:00:00, Sys 0 00:00:00  -  Total Local Usage
	0  -  Run Bytes Sent By Job
	0  -  Run Bytes Received By Job
	0  -  Total Bytes Sent By Job
	0  -  Total Bytes Received By Job
	Partitionable Resources :    Usage  Request Allocated 
	   Cpus                 :     0.01        1         1 
	   Disk (KB)            :     1     2560000   3071801 
	   Memory (MB)          :     0        2048      2048 
...
006 (2814820.567.000) 08/02 12:27:45 Image size of job updated: 32240
	0  -  MemoryUsage of job (MB)
	0  -  ResidentSetSize of job (KB)
...
005 (2814820.567.000) 08/02 12:27:45 Job terminated.
	(1) Normal termination (return value 255)
		Usr 0 00:00:00, Sys 0 00:00:00  -  Run Remote Usage
		Usr 0 00:00:00, Sys 0 00:00:00  -  Run Local Usage
		Usr 0 00:00:00, Sys 0 00:00:00  -  Total Remote Usage
		Usr 0 00:00:00, Sys 0 00:00:00  -  Total Local Usage
	0  -  Run Bytes Sent By Job
	0  -  Run Bytes Received By Job
	0  -  Total Bytes Sent By Job
	0  -  Total Bytes Received By Job
	Partitionable Resources :    Usage  Request Allocated 
	   Cpus                 :        0        1         1 
	   Disk (KB)            :        1  2560000   3249880 
	   Memory (MB)          :        0     2048      2048 
...
006 (2814820.570.000) 08/02 12:27:45 Image size of job updated: 87736
	0  -  MemoryUsage of job (MB)
	0  -  ResidentSetSize of job (KB)
...
005 (2814820.570.000) 08/02 12:27:46 Job terminated.
	(1) Normal termination (return value 255)
		Usr 0 00:00:00, Sys 0 00:00:00  -  Run Remote Usage
		Usr 0 00:00:00, Sys 0 00:00:00  -  Run Local Usage
		Usr 0 00:00:00, Sys 0 00:00:00  -  Total Remote Usage
		Usr 0 00:00:00, Sys 0 00:00:00  -  Total Local Usage
	0  -  Run Bytes Sent By Job
	0  -  Run Bytes Received By Job
	0  -  Total Bytes Sent By Job
	0  -  Total Bytes Received By Job
	Partitionable Resources :    Usage  Request Allocated 
	   Cpus                 :     0.01        1         1 
	   Disk (KB)            :     1     2560000   3250105 
	   Memory (MB)          :     0        2048      2048 
...
006 (2814820.515.000) 08/02 12:27:46 Image size of job updated: 302684
	0  -  MemoryUsage of job (MB)
	0  -  ResidentSetSize of job (KB)
...
005 (2814820.515.000) 08/02 12:27:46 Job terminated.
	(1) Normal termination (return value 255)
		Usr 0 00:00:00, Sys 0 00:00:00  -  Run Remote Usage
		Usr 0 00:00:00, Sys 0 00:00:00  -  Run Local Usage
		Usr 0 00:00:00, Sys 0 00:00:00  -  Total Remote Usage
		Usr 0 00:00:00, Sys 0 00:00:00  -  Total Local Usage
	0  -  Run Bytes Sent By Job
	0  -  Run Bytes Received By Job
	0  -  Total Bytes Sent By Job
	0  -  Total Bytes Received By Job
	Partitionable Resources :    Usage  Request Allocated 
	   Cpus                 :        0        1         1 
	   Disk (KB)            :        1  2560000   3250174 
	   Memory (MB)          :        0     2048      2048 
...
006 (2814820.543.000) 08/02 12:27:46 Image size of job updated: 66660
	0  -  MemoryUsage of job (MB)
	0  -  ResidentSetSize of job (KB)
...
006 (2814820.536.000) 08/02 12:27:46 Image size of job updated: 428
	0  -  MemoryUsage of job (MB)
	0  -  ResidentSetSize of job (KB)
...
005 (2814820.543.000) 08/02 12:27:46 Job terminated.
	(1) Normal termination (return value 255)
		Usr 0 00:00:00, Sys 0 00:00:00  -  Run Remote Usage
		Usr 0 00:00:00, Sys 0 00:00:00  -  Run Local Usage
		Usr 0 00:00:00, Sys 0 00:00:00  -  Total Remote Usage
		Usr 0 00:00:00, Sys 0 00:00:00  -  Total Local Usage
	0  -  Run Bytes Sent By Job
	0  -  Run Bytes Received By Job
	0  -  Total Bytes Sent By Job
	0  -  Total Bytes Received By Job
	Partitionable Resources :    Usage  Request Allocated 
	   Cpus                 :        0        1         1 
	   Disk (KB)            :        1  2560000   3068593 
	   Memory (MB)          :        0     2048      2048 
...
005 (2814820.536.000) 08/02 12:27:46 Job terminated.
	(1) Normal termination (return value 255)
		Usr 0 00:00:00, Sys 0 00:00:00  -  Run Remote Usage
		Usr 0 00:00:00, Sys 0 00:00:00  -  Run Local Usage
		Usr 0 00:00:00, Sys 0 00:00:00  -  Total Remote Usage
		Usr 0 00:00:00, Sys 0 00:00:00  -  Total Local Usage
	0  -  Run Bytes Sent By Job
	0  -  Run Bytes Received By Job
	0  -  Total Bytes Sent By Job
	0  -  Total Bytes Received By Job
	Partitionable Resources :    Usage  Request Allocated 
	   Cpus                 :        0        1         1 
	   Disk (KB)            :        1  2560000   3072978 
	   Memory (MB)          :        0     2048      2048 
...
006 (2814820.587.000) 08/02 12:27:46 Image size of job updated: 11304
	0  -  MemoryUsage of job (MB)
	0  -  ResidentSetSize of job (KB)
...
005 (2814820.587.000) 08/02 12:27:46 Job terminated.
	(1) Normal termination (return value 255)
		Usr 0 00:00:00, Sys 0 00:00:00  -  Run Remote Usage
		Usr 0 00:00:00, Sys 0 00:00:00  -  Run Local Usage
		Usr 0 00:00:00, Sys 0 00:00:00  -  Total Remote Usage
		Usr 0 00:00:00, Sys 0 00:00:00  -  Total Local Usage
	0  -  Run Bytes Sent By Job
	0  -  Run Bytes Received By Job
	0  -  Total Bytes Sent By Job
	0  -  Total Bytes Received By Job
	Partitionable Resources :    Usage  Request Allocated 
	   Cpus                 :     0.01        1         1 
	   Disk (KB)            :     1     2560000   3253362 
	   Memory (MB)          :     0        2048      2048 
...
006 (2814820.571.000) 08/02 12:27:46 Image size of job updated: 68148
	0  -  MemoryUsage of job (MB)
	0  -  ResidentSetSize of job (KB)
...
005 (2814820.571.000) 08/02 12:27:46 Job terminated.
	(1) Normal termination (return value 255)
		Usr 0 00:00:00, Sys 0 00:00:00  -  Run Remote Usage
		Usr 0 00:00:00, Sys 0 00:00:00  -  Run Local Usage
		Usr 0 00:00:00, Sys 0 00:00:00  -  Total Remote Usage
		Usr 0 00:00:00, Sys 0 00:00:00  -  Total Local Usage
	0  -  Run Bytes Sent By Job
	0  -  Run Bytes Received By Job
	0  -  Total Bytes Sent By Job
	0  -  Total Bytes Received By Job
	Partitionable Resources :    Usage  Request Allocated 
	   Cpus                 :        0        1         1 
	   Disk (KB)            :        1  2560000   3250105 
	   Memory (MB)          :        0     2048      2048 
...
006 (2814820.531.000) 08/02 12:27:46 Image size of job updated: 105876
	0  -  MemoryUsage of job (MB)
	0  -  ResidentSetSize of job (KB)
...
006 (2814820.557.000) 08/02 12:27:46 Image size of job updated: 301612
	0  -  MemoryUsage of job (MB)
	0  -  ResidentSetSize of job (KB)
...
006 (2814820.533.000) 08/02 12:27:46 Image size of job updated: 49408
	0  -  MemoryUsage of job (MB)
	0  -  ResidentSetSize of job (KB)
...
006 (2814820.568.000) 08/02 12:27:46 Image size of job updated: 301660
	0  -  MemoryUsage of job (MB)
	0  -  ResidentSetSize of job (KB)
...
005 (2814820.531.000) 08/02 12:27:46 Job terminated.
	(1) Normal termination (return value 255)
		Usr 0 00:00:00, Sys 0 00:00:00  -  Run Remote Usage
		Usr 0 00:00:00, Sys 0 00:00:00  -  Run Local Usage
		Usr 0 00:00:00, Sys 0 00:00:00  -  Total Remote Usage
		Usr 0 00:00:00, Sys 0 00:00:00  -  Total Local Usage
	0  -  Run Bytes Sent By Job
	0  -  Run Bytes Received By Job
	0  -  Total Bytes Sent By Job
	0  -  Total Bytes Received By Job
	Partitionable Resources :    Usage  Request Allocated 
	   Cpus                 :        0        1         1 
	   Disk (KB)            :        1  2560000   3076391 
	   Memory (MB)          :        0     2048      2048 
...
005 (2814820.557.000) 08/02 12:27:46 Job terminated.
	(1) Normal termination (return value 255)
		Usr 0 00:00:00, Sys 0 00:00:00  -  Run Remote Usage
		Usr 0 00:00:00, Sys 0 00:00:00  -  Run Local Usage
		Usr 0 00:00:00, Sys 0 00:00:00  -  Total Remote Usage
		Usr 0 00:00:00, Sys 0 00:00:00  -  Total Local Usage
	0  -  Run Bytes Sent By Job
	0  -  Run Bytes Received By Job
	0  -  Total Bytes Sent By Job
	0  -  Total Bytes Received By Job
	Partitionable Resources :    Usage  Request Allocated 
	   Cpus                 :     0.25        1         1 
	   Disk (KB)            :     1     2560000   2834695 
	   Memory (MB)          :     0        2048      2048 
...
005 (2814820.533.000) 08/02 12:27:46 Job terminated.
	(1) Normal termination (return value 255)
		Usr 0 00:00:00, Sys 0 00:00:00  -  Run Remote Usage
		Usr 0 00:00:00, Sys 0 00:00:00  -  Run Local Usage
		Usr 0 00:00:00, Sys 0 00:00:00  -  Total Remote Usage
		Usr 0 00:00:00, Sys 0 00:00:00  -  Total Local Usage
	0  -  Run Bytes Sent By Job
	0  -  Run Bytes Received By Job
	0  -  Total Bytes Sent By Job
	0  -  Total Bytes Received By Job
	Partitionable Resources :    Usage  Request Allocated 
	   Cpus                 :        0        1         1 
	   Disk (KB)            :        1  2560000   3073550 
	   Memory (MB)          :        0     2048      2048 
...
005 (2814820.568.000) 08/02 12:27:46 Job terminated.
	(1) Normal termination (return value 255)
		Usr 0 00:00:00, Sys 0 00:00:00  -  Run Remote Usage
		Usr 0 00:00:00, Sys 0 00:00:00  -  Run Local Usage
		Usr 0 00:00:00, Sys 0 00:00:00  -  Total Remote Usage
		Usr 0 00:00:00, Sys 0 00:00:00  -  Total Local Usage
	0  -  Run Bytes Sent By Job
	0  -  Run Bytes Received By Job
	0  -  Total Bytes Sent By Job
	0  -  Total Bytes Received By Job
	Partitionable Resources :    Usage  Request Allocated 
	   Cpus                 :     0.21        1         1 
	   Disk (KB)            :     1     2560000   3796821 
	   Memory (MB)          :     0        2048      2048 
...
006 (2814820.584.000) 08/02 12:27:46 Image size of job updated: 9532
	0  -  MemoryUsage of job (MB)
	0  -  ResidentSetSize of job (KB)
...
005 (2814820.584.000) 08/02 12:27:46 Job terminated.
	(1) Normal termination (return value 255)
		Usr 0 00:00:00, Sys 0 00:00:00  -  Run Remote Usage
		Usr 0 00:00:00, Sys 0 00:00:00  -  Run Local Usage
		Usr 0 00:00:00, Sys 0 00:00:00  -  Total Remote Usage
		Usr 0 00:00:00, Sys 0 00:00:00  -  Total Local Usage
	0  -  Run Bytes Sent By Job
	0  -  Run Bytes Received By Job
	0  -  Total Bytes Sent By Job
	0  -  Total Bytes Received By Job
	Partitionable Resources :    Usage  Request Allocated 
	   Cpus                 :        0        1         1 
	   Disk (KB)            :        1  2560000   3788280 
	   Memory (MB)          :        0     2048      2048 
...
006 (2814820.540.000) 08/02 12:27:47 Image size of job updated: 125488
	0  -  MemoryUsage of job (MB)
	0  -  ResidentSetSize of job (KB)
...
005 (2814820.540.000) 08/02 12:27:47 Job terminated.
	(1) Normal termination (return value 255)
		Usr 0 00:00:00, Sys 0 00:00:00  -  Run Remote Usage
		Usr 0 00:00:00, Sys 0 00:00:00  -  Run Local Usage
		Usr 0 00:00:00, Sys 0 00:00:00  -  Total Remote Usage
		Usr 0 00:00:00, Sys 0 00:00:00  -  Total Local Usage
	0  -  Run Bytes Sent By Job
	0  -  Run Bytes Received By Job
	0  -  Total Bytes Sent By Job
	0  -  Total Bytes Received By Job
	Partitionable Resources :    Usage  Request Allocated 
	   Cpus                 :        0        1         1 
	   Disk (KB)            :        1  2560000   3248444 
	   Memory (MB)          :        0     2048      2048 
...
006 (2814820.553.000) 08/02 12:27:47 Image size of job updated: 301596
	0  -  MemoryUsage of job (MB)
	0  -  ResidentSetSize of job (KB)
...
006 (2814820.566.000) 08/02 12:27:47 Image size of job updated: 324
	0  -  MemoryUsage of job (MB)
	0  -  ResidentSetSize of job (KB)
...
005 (2814820.553.000) 08/02 12:27:47 Job terminated.
	(1) Normal termination (return value 255)
		Usr 0 00:00:00, Sys 0 00:00:00  -  Run Remote Usage
		Usr 0 00:00:00, Sys 0 00:00:00  -  Run Local Usage
		Usr 0 00:00:00, Sys 0 00:00:00  -  Total Remote Usage
		Usr 0 00:00:00, Sys 0 00:00:00  -  Total Local Usage
	0  -  Run Bytes Sent By Job
	0  -  Run Bytes Received By Job
	0  -  Total Bytes Sent By Job
	0  -  Total Bytes Received By Job
	Partitionable Resources :    Usage  Request Allocated 
	   Cpus                 :        0        1         1 
	   Disk (KB)            :        1  2560000   2833291 
	   Memory (MB)          :        0     2048      2048 
...
005 (2814820.566.000) 08/02 12:27:47 Job terminated.
	(1) Normal termination (return value 255)
		Usr 0 00:00:00, Sys 0 00:00:00  -  Run Remote Usage
		Usr 0 00:00:00, Sys 0 00:00:00  -  Run Local Usage
		Usr 0 00:00:00, Sys 0 00:00:00  -  Total Remote Usage
		Usr 0 00:00:00, Sys 0 00:00:00  -  Total Local Usage
	0  -  Run Bytes Sent By Job
	0  -  Run Bytes Received By Job
	0  -  Total Bytes Sent By Job
	0  -  Total Bytes Received By Job
	Partitionable Resources :    Usage  Request Allocated 
	   Cpus                 :        0        1         1 
	   Disk (KB)            :        1  2560000   3249880 
	   Memory (MB)          :        0     2048      2048 
...
006 (2814820.530.000) 08/02 12:27:47 Image size of job updated: 109548
	0  -  MemoryUsage of job (MB)
	0  -  ResidentSetSize of job (KB)
...
006 (2814820.537.000) 08/02 12:27:47 Image size of job updated: 113124
	0  -  MemoryUsage of job (MB)
	0  -  ResidentSetSize of job (KB)
...
005 (2814820.530.000) 08/02 12:27:47 Job terminated.
	(1) Normal termination (return value 255)
		Usr 0 00:00:00, Sys 0 00:00:00  -  Run Remote Usage
		Usr 0 00:00:00, Sys 0 00:00:00  -  Run Local Usage
		Usr 0 00:00:00, Sys 0 00:00:00  -  Total Remote Usage
		Usr 0 00:00:00, Sys 0 00:00:00  -  Total Local Usage
	0  -  Run Bytes Sent By Job
	0  -  Run Bytes Received By Job
	0  -  Total Bytes Sent By Job
	0  -  Total Bytes Received By Job
	Partitionable Resources :    Usage  Request Allocated 
	   Cpus                 :        0        1         1 
	   Disk (KB)            :        1  2560000   3251125 
	   Memory (MB)          :        0     2048      2048 
...
006 (2814820.586.000) 08/02 12:27:47 Image size of job updated: 301596
	0  -  MemoryUsage of job (MB)
	0  -  ResidentSetSize of job (KB)
...
005 (2814820.537.000) 08/02 12:27:47 Job terminated.
	(1) Normal termination (return value 255)
		Usr 0 00:00:00, Sys 0 00:00:00  -  Run Remote Usage
		Usr 0 00:00:00, Sys 0 00:00:00  -  Run Local Usage
		Usr 0 00:00:00, Sys 0 00:00:00  -  Total Remote Usage
		Usr 0 00:00:00, Sys 0 00:00:00  -  Total Local Usage
	0  -  Run Bytes Sent By Job
	0  -  Run Bytes Received By Job
	0  -  Total Bytes Sent By Job
	0  -  Total Bytes Received By Job
	Partitionable Resources :    Usage  Request Allocated 
	   Cpus                 :        0        1         1 
	   Disk (KB)            :        1  2560000   3072648 
	   Memory (MB)          :        0     2048      2048 
...
005 (2814820.586.000) 08/02 12:27:47 Job terminated.
	(1) Normal termination (return value 255)
		Usr 0 00:00:00, Sys 0 00:00:00  -  Run Remote Usage
		Usr 0 00:00:00, Sys 0 00:00:00  -  Run Local Usage
		Usr 0 00:00:00, Sys 0 00:00:00  -  Total Remote Usage
		Usr 0 00:00:00, Sys 0 00:00:00  -  Total Local Usage
	0  -  Run Bytes Sent By Job
	0  -  Run Bytes Received By Job
	0  -  Total Bytes Sent By Job
	0  -  Total Bytes Received By Job
	Partitionable Resources :    Usage  Request Allocated 
	   Cpus                 :     0.02        1         1 
	   Disk (KB)            :     1     2560000   3253362 
	   Memory (MB)          :     0        2048      2048 
...
006 (2814820.549.000) 08/02 12:27:47 Image size of job updated: 28196
	0  -  MemoryUsage of job (MB)
	0  -  ResidentSetSize of job (KB)
...
005 (2814820.549.000) 08/02 12:27:48 Job terminated.
	(1) Normal termination (return value 255)
		Usr 0 00:00:00, Sys 0 00:00:00  -  Run Remote Usage
		Usr 0 00:00:00, Sys 0 00:00:00  -  Run Local Usage
		Usr 0 00:00:00, Sys 0 00:00:00  -  Total Remote Usage
		Usr 0 00:00:00, Sys 0 00:00:00  -  Total Local Usage
	0  -  Run Bytes Sent By Job
	0  -  Run Bytes Received By Job
	0  -  Total Bytes Sent By Job
	0  -  Total Bytes Received By Job
	Partitionable Resources :    Usage  Request Allocated 
	   Cpus                 :     0.01        1         1 
	   Disk (KB)            :     1     2560000   2769880 
	   Memory (MB)          :     0        2048      2048 
...
006 (2814820.534.000) 08/02 12:27:48 Image size of job updated: 88512
	0  -  MemoryUsage of job (MB)
	0  -  ResidentSetSize of job (KB)
...
006 (2814820.529.000) 08/02 12:27:48 Image size of job updated: 17964
	0  -  MemoryUsage of job (MB)
	0  -  ResidentSetSize of job (KB)
...
006 (2814820.564.000) 08/02 12:27:48 Image size of job updated: 6372
	0  -  MemoryUsage of job (MB)
	0  -  ResidentSetSize of job (KB)
...
006 (2814820.547.000) 08/02 12:27:48 Image size of job updated: 25444
	0  -  MemoryUsage of job (MB)
	0  -  ResidentSetSize of job (KB)
...
006 (2814820.535.000) 08/02 12:27:48 Image size of job updated: 500
	0  -  MemoryUsage of job (MB)
	0  -  ResidentSetSize of job (KB)
...
005 (2814820.534.000) 08/02 12:27:48 Job terminated.
	(1) Normal termination (return value 255)
		Usr 0 00:00:00, Sys 0 00:00:00  -  Run Remote Usage
		Usr 0 00:00:00, Sys 0 00:00:00  -  Run Local Usage
		Usr 0 00:00:00, Sys 0 00:00:00  -  Total Remote Usage
		Usr 0 00:00:00, Sys 0 00:00:00  -  Total Local Usage
	0  -  Run Bytes Sent By Job
	0  -  Run Bytes Received By Job
	0  -  Total Bytes Sent By Job
	0  -  Total Bytes Received By Job
	Partitionable Resources :    Usage  Request Allocated 
	   Cpus                 :        0        1         1 
	   Disk (KB)            :        1  2560000   3249319 
	   Memory (MB)          :        0     2048      2048 
...
005 (2814820.564.000) 08/02 12:27:48 Job terminated.
	(1) Normal termination (return value 255)
		Usr 0 00:00:00, Sys 0 00:00:00  -  Run Remote Usage
		Usr 0 00:00:00, Sys 0 00:00:00  -  Run Local Usage
		Usr 0 00:00:00, Sys 0 00:00:00  -  Total Remote Usage
		Usr 0 00:00:00, Sys 0 00:00:00  -  Total Local Usage
	0  -  Run Bytes Sent By Job
	0  -  Run Bytes Received By Job
	0  -  Total Bytes Sent By Job
	0  -  Total Bytes Received By Job
	Partitionable Resources :    Usage  Request Allocated 
	   Cpus                 :        0        1         1 
	   Disk (KB)            :        1  2560000   3248851 
	   Memory (MB)          :        0     2048      2048 
...
005 (2814820.547.000) 08/02 12:27:48 Job terminated.
	(1) Normal termination (return value 255)
		Usr 0 00:00:00, Sys 0 00:00:00  -  Run Remote Usage
		Usr 0 00:00:00, Sys 0 00:00:00  -  Run Local Usage
		Usr 0 00:00:00, Sys 0 00:00:00  -  Total Remote Usage
		Usr 0 00:00:00, Sys 0 00:00:00  -  Total Local Usage
	0  -  Run Bytes Sent By Job
	0  -  Run Bytes Received By Job
	0  -  Total Bytes Sent By Job
	0  -  Total Bytes Received By Job
	Partitionable Resources :    Usage  Request Allocated 
	   Cpus                 :        0        1         1 
	   Disk (KB)            :        1  2560000   3789941 
	   Memory (MB)          :        0     2048      2048 
...
005 (2814820.535.000) 08/02 12:27:48 Job terminated.
	(1) Normal termination (return value 255)
		Usr 0 00:00:00, Sys 0 00:00:00  -  Run Remote Usage
		Usr 0 00:00:00, Sys 0 00:00:00  -  Run Local Usage
		Usr 0 00:00:00, Sys 0 00:00:00  -  Total Remote Usage
		Usr 0 00:00:00, Sys 0 00:00:00  -  Total Local Usage
	0  -  Run Bytes Sent By Job
	0  -  Run Bytes Received By Job
	0  -  Total Bytes Sent By Job
	0  -  Total Bytes Received By Job
	Partitionable Resources :    Usage  Request Allocated 
	   Cpus                 :     0.01        1         1 
	   Disk (KB)            :     1     2560000   3783570 
	   Memory (MB)          :     0        2048      2048 
...
006 (2814820.581.000) 08/02 12:27:48 Image size of job updated: 8472
	0  -  MemoryUsage of job (MB)
	0  -  ResidentSetSize of job (KB)
...
005 (2814820.581.000) 08/02 12:27:48 Job terminated.
	(1) Normal termination (return value 255)
		Usr 0 00:00:00, Sys 0 00:00:00  -  Run Remote Usage
		Usr 0 00:00:00, Sys 0 00:00:00  -  Run Local Usage
		Usr 0 00:00:00, Sys 0 00:00:00  -  Total Remote Usage
		Usr 0 00:00:00, Sys 0 00:00:00  -  Total Local Usage
	0  -  Run Bytes Sent By Job
	0  -  Run Bytes Received By Job
	0  -  Total Bytes Sent By Job
	0  -  Total Bytes Received By Job
	Partitionable Resources :    Usage  Request Allocated 
	   Cpus                 :     0.03        1         1 
	   Disk (KB)            :     1     2560000   3788280 
	   Memory (MB)          :     0        2048      2048 
...
006 (2814820.590.000) 08/02 12:27:48 Image size of job updated: 301612
	0  -  MemoryUsage of job (MB)
	0  -  ResidentSetSize of job (KB)
...
006 (2814820.589.000) 08/02 12:27:48 Image size of job updated: 301596
	0  -  MemoryUsage of job (MB)
	0  -  ResidentSetSize of job (KB)
...
006 (2814820.539.000) 08/02 12:27:48 Image size of job updated: 125640
	0  -  MemoryUsage of job (MB)
	0  -  ResidentSetSize of job (KB)
...
005 (2814820.589.000) 08/02 12:27:48 Job terminated.
	(1) Normal termination (return value 255)
		Usr 0 00:00:00, Sys 0 00:00:00  -  Run Remote Usage
		Usr 0 00:00:00, Sys 0 00:00:00  -  Run Local Usage
		Usr 0 00:00:00, Sys 0 00:00:00  -  Total Remote Usage
		Usr 0 00:00:00, Sys 0 00:00:00  -  Total Local Usage
	0  -  Run Bytes Sent By Job
	0  -  Run Bytes Received By Job
	0  -  Total Bytes Sent By Job
	0  -  Total Bytes Received By Job
	Partitionable Resources :    Usage  Request Allocated 
	   Cpus                 :        0        1         1 
	   Disk (KB)            :        1  2560000   3254621 
	   Memory (MB)          :        0     2048      2048 
...
005 (2814820.590.000) 08/02 12:27:48 Job terminated.
	(1) Normal termination (return value 255)
		Usr 0 00:00:00, Sys 0 00:00:00  -  Run Remote Usage
		Usr 0 00:00:00, Sys 0 00:00:00  -  Run Local Usage
		Usr 0 00:00:00, Sys 0 00:00:00  -  Total Remote Usage
		Usr 0 00:00:00, Sys 0 00:00:00  -  Total Local Usage
	0  -  Run Bytes Sent By Job
	0  -  Run Bytes Received By Job
	0  -  Total Bytes Sent By Job
	0  -  Total Bytes Received By Job
	Partitionable Resources :    Usage  Request Allocated 
	   Cpus                 :        0        1         1 
	   Disk (KB)            :        1  2560000   3254621 
	   Memory (MB)          :        0     2048      2048 
...
005 (2814820.539.000) 08/02 12:27:48 Job terminated.
	(1) Normal termination (return value 255)
		Usr 0 00:00:00, Sys 0 00:00:00  -  Run Remote Usage
		Usr 0 00:00:00, Sys 0 00:00:00  -  Run Local Usage
		Usr 0 00:00:00, Sys 0 00:00:00  -  Total Remote Usage
		Usr 0 00:00:00, Sys 0 00:00:00  -  Total Local Usage
	0  -  Run Bytes Sent By Job
	0  -  Run Bytes Received By Job
	0  -  Total Bytes Sent By Job
	0  -  Total Bytes Received By Job
	Partitionable Resources :    Usage  Request Allocated 
	   Cpus                 :        0        1         1 
	   Disk (KB)            :        1  2560000   3787380 
	   Memory (MB)          :        0     2048      2048 
...
006 (2814820.527.000) 08/02 12:27:48 Image size of job updated: 294052
	0  -  MemoryUsage of job (MB)
	0  -  ResidentSetSize of job (KB)
...
006 (2814820.560.000) 08/02 12:27:48 Image size of job updated: 484
	0  -  MemoryUsage of job (MB)
	0  -  ResidentSetSize of job (KB)
...
006 (2814820.559.000) 08/02 12:27:48 Image size of job updated: 67648
	0  -  MemoryUsage of job (MB)
	0  -  ResidentSetSize of job (KB)
...
006 (2814820.546.000) 08/02 12:27:48 Image size of job updated: 17196
	0  -  MemoryUsage of job (MB)
	0  -  ResidentSetSize of job (KB)
...
006 (2814820.583.000) 08/02 12:27:49 Image size of job updated: 302684
	0  -  MemoryUsage of job (MB)
	0  -  ResidentSetSize of job (KB)
...
005 (2814820.529.000) 08/02 12:27:49 Job terminated.
	(1) Normal termination (return value 255)
		Usr 0 00:00:00, Sys 0 00:00:00  -  Run Remote Usage
		Usr 0 00:00:00, Sys 0 00:00:00  -  Run Local Usage
		Usr 0 00:00:00, Sys 0 00:00:00  -  Total Remote Usage
		Usr 0 00:00:00, Sys 0 00:00:00  -  Total Local Usage
	0  -  Run Bytes Sent By Job
	0  -  Run Bytes Received By Job
	0  -  Total Bytes Sent By Job
	0  -  Total Bytes Received By Job
	Partitionable Resources :    Usage  Request Allocated 
	   Cpus                 :        0        1         1 
	   Disk (KB)            :        1  2560000   3793865 
	   Memory (MB)          :        0     2048      2048 
...
005 (2814820.527.000) 08/02 12:27:49 Job terminated.
	(1) Normal termination (return value 255)
		Usr 0 00:00:00, Sys 0 00:00:00  -  Run Remote Usage
		Usr 0 00:00:00, Sys 0 00:00:00  -  Run Local Usage
		Usr 0 00:00:00, Sys 0 00:00:00  -  Total Remote Usage
		Usr 0 00:00:00, Sys 0 00:00:00  -  Total Local Usage
	0  -  Run Bytes Sent By Job
	0  -  Run Bytes Received By Job
	0  -  Total Bytes Sent By Job
	0  -  Total Bytes Received By Job
	Partitionable Resources :    Usage  Request Allocated 
	   Cpus                 :        0        1         1 
	   Disk (KB)            :        1  2560000   3074708 
	   Memory (MB)          :        0     2048      2048 
...
005 (2814820.559.000) 08/02 12:27:49 Job terminated.
	(1) Normal termination (return value 255)
		Usr 0 00:00:00, Sys 0 00:00:00  -  Run Remote Usage
		Usr 0 00:00:00, Sys 0 00:00:00  -  Run Local Usage
		Usr 0 00:00:00, Sys 0 00:00:00  -  Total Remote Usage
		Usr 0 00:00:00, Sys 0 00:00:00  -  Total Local Usage
	0  -  Run Bytes Sent By Job
	0  -  Run Bytes Received By Job
	0  -  Total Bytes Sent By Job
	0  -  Total Bytes Received By Job
	Partitionable Resources :    Usage  Request Allocated 
	   Cpus                 :     0.01        1         1 
	   Disk (KB)            :     1     2560000   2840462 
	   Memory (MB)          :     0        2048      2048 
...
005 (2814820.546.000) 08/02 12:27:49 Job terminated.
	(1) Normal termination (return value 255)
		Usr 0 00:00:00, Sys 0 00:00:00  -  Run Remote Usage
		Usr 0 00:00:00, Sys 0 00:00:00  -  Run Local Usage
		Usr 0 00:00:00, Sys 0 00:00:00  -  Total Remote Usage
		Usr 0 00:00:00, Sys 0 00:00:00  -  Total Local Usage
	0  -  Run Bytes Sent By Job
	0  -  Run Bytes Received By Job
	0  -  Total Bytes Sent By Job
	0  -  Total Bytes Received By Job
	Partitionable Resources :    Usage  Request Allocated 
	   Cpus                 :        0        1         1 
	   Disk (KB)            :        1  2560000   3071379 
	   Memory (MB)          :        0     2048      2048 
...
005 (2814820.560.000) 08/02 12:27:49 Job terminated.
	(1) Normal termination (return value 255)
		Usr 0 00:00:00, Sys 0 00:00:00  -  Run Remote Usage
		Usr 0 00:00:00, Sys 0 00:00:00  -  Run Local Usage
		Usr 0 00:00:00, Sys 0 00:00:00  -  Total Remote Usage
		Usr 0 00:00:00, Sys 0 00:00:00  -  Total Local Usage
	0  -  Run Bytes Sent By Job
	0  -  Run Bytes Received By Job
	0  -  Total Bytes Sent By Job
	0  -  Total Bytes Received By Job
	Partitionable Resources :    Usage  Request Allocated 
	   Cpus                 :        0        1         1 
	   Disk (KB)            :        1  2560000   2840462 
	   Memory (MB)          :        0     2048      2048 
...
006 (2814820.578.000) 08/02 12:27:49 Image size of job updated: 7088
	0  -  MemoryUsage of job (MB)
	0  -  ResidentSetSize of job (KB)
...
006 (2814820.565.000) 08/02 12:27:49 Image size of job updated: 301592
	0  -  MemoryUsage of job (MB)
	0  -  ResidentSetSize of job (KB)
...
006 (2814820.574.000) 08/02 12:27:49 Image size of job updated: 33484
	0  -  MemoryUsage of job (MB)
	0  -  ResidentSetSize of job (KB)
...
005 (2814820.578.000) 08/02 12:27:49 Job terminated.
	(1) Normal termination (return value 255)
		Usr 0 00:00:00, Sys 0 00:00:00  -  Run Remote Usage
		Usr 0 00:00:00, Sys 0 00:00:00  -  Run Local Usage
		Usr 0 00:00:00, Sys 0 00:00:00  -  Total Remote Usage
		Usr 0 00:00:00, Sys 0 00:00:00  -  Total Local Usage
	0  -  Run Bytes Sent By Job
	0  -  Run Bytes Received By Job
	0  -  Total Bytes Sent By Job
	0  -  Total Bytes Received By Job
	Partitionable Resources :    Usage  Request Allocated 
	   Cpus                 :     0.08        1         1 
	   Disk (KB)            :     1     2560000   2831406 
	   Memory (MB)          :     0        2048      2048 
...
005 (2814820.583.000) 08/02 12:27:49 Job terminated.
	(1) Normal termination (return value 255)
		Usr 0 00:00:00, Sys 0 00:00:00  -  Run Remote Usage
		Usr 0 00:00:00, Sys 0 00:00:00  -  Run Local Usage
		Usr 0 00:00:00, Sys 0 00:00:00  -  Total Remote Usage
		Usr 0 00:00:00, Sys 0 00:00:00  -  Total Local Usage
	0  -  Run Bytes Sent By Job
	0  -  Run Bytes Received By Job
	0  -  Total Bytes Sent By Job
	0  -  Total Bytes Received By Job
	Partitionable Resources :    Usage  Request Allocated 
	   Cpus                 :     0.23        1         1 
	   Disk (KB)            :     1     2560000   3788280 
	   Memory (MB)          :     0        2048      2048 
...
005 (2814820.565.000) 08/02 12:27:49 Job terminated.
	(1) Normal termination (return value 255)
		Usr 0 00:00:00, Sys 0 00:00:00  -  Run Remote Usage
		Usr 0 00:00:00, Sys 0 00:00:00  -  Run Local Usage
		Usr 0 00:00:00, Sys 0 00:00:00  -  Total Remote Usage
		Usr 0 00:00:00, Sys 0 00:00:00  -  Total Local Usage
	0  -  Run Bytes Sent By Job
	0  -  Run Bytes Received By Job
	0  -  Total Bytes Sent By Job
	0  -  Total Bytes Received By Job
	Partitionable Resources :    Usage  Request Allocated 
	   Cpus                 :     0.01        1         1 
	   Disk (KB)            :     1     2560000   3248851 
	   Memory (MB)          :     0        2048      2048 
...
006 (2814820.579.000) 08/02 12:27:49 Image size of job updated: 9340
	0  -  MemoryUsage of job (MB)
	0  -  ResidentSetSize of job (KB)
...
006 (2814820.575.000) 08/02 12:27:49 Image size of job updated: 4220
	0  -  MemoryUsage of job (MB)
	0  -  ResidentSetSize of job (KB)
...
006 (2814820.545.000) 08/02 12:27:49 Image size of job updated: 32652
	0  -  MemoryUsage of job (MB)
	0  -  ResidentSetSize of job (KB)
...
006 (2814820.551.000) 08/02 12:27:49 Image size of job updated: 88860
	0  -  MemoryUsage of job (MB)
	0  -  ResidentSetSize of job (KB)
...
005 (2814820.574.000) 08/02 12:27:49 Job terminated.
	(1) Normal termination (return value 255)
		Usr 0 00:00:00, Sys 0 00:00:00  -  Run Remote Usage
		Usr 0 00:00:00, Sys 0 00:00:00  -  Run Local Usage
		Usr 0 00:00:00, Sys 0 00:00:00  -  Total Remote Usage
		Usr 0 00:00:00, Sys 0 00:00:00  -  Total Local Usage
	0  -  Run Bytes Sent By Job
	0  -  Run Bytes Received By Job
	0  -  Total Bytes Sent By Job
	0  -  Total Bytes Received By Job
	Partitionable Resources :    Usage  Request Allocated 
	   Cpus                 :        0        1         1 
	   Disk (KB)            :        1  2560000   3782410 
	   Memory (MB)          :        0     2048      2048 
...
005 (2814820.579.000) 08/02 12:27:49 Job terminated.
	(1) Normal termination (return value 255)
		Usr 0 00:00:00, Sys 0 00:00:00  -  Run Remote Usage
		Usr 0 00:00:00, Sys 0 00:00:00  -  Run Local Usage
		Usr 0 00:00:00, Sys 0 00:00:00  -  Total Remote Usage
		Usr 0 00:00:00, Sys 0 00:00:00  -  Total Local Usage
	0  -  Run Bytes Sent By Job
	0  -  Run Bytes Received By Job
	0  -  Total Bytes Sent By Job
	0  -  Total Bytes Received By Job
	Partitionable Resources :    Usage  Request Allocated 
	   Cpus                 :     0.06        1         1 
	   Disk (KB)            :     1     2560000   2831406 
	   Memory (MB)          :     0        2048      2048 
...
005 (2814820.575.000) 08/02 12:27:49 Job terminated.
	(1) Normal termination (return value 255)
		Usr 0 00:00:00, Sys 0 00:00:00  -  Run Remote Usage
		Usr 0 00:00:00, Sys 0 00:00:00  -  Run Local Usage
		Usr 0 00:00:00, Sys 0 00:00:00  -  Total Remote Usage
		Usr 0 00:00:00, Sys 0 00:00:00  -  Total Local Usage
	0  -  Run Bytes Sent By Job
	0  -  Run Bytes Received By Job
	0  -  Total Bytes Sent By Job
	0  -  Total Bytes Received By Job
	Partitionable Resources :    Usage  Request Allocated 
	   Cpus                 :     0.08        1         1 
	   Disk (KB)            :     1     2560000   2831406 
	   Memory (MB)          :     0        2048      2048 
...
005 (2814820.545.000) 08/02 12:27:49 Job terminated.
	(1) Normal termination (return value 255)
		Usr 0 00:00:00, Sys 0 00:00:00  -  Run Remote Usage
		Usr 0 00:00:00, Sys 0 00:00:00  -  Run Local Usage
		Usr 0 00:00:00, Sys 0 00:00:00  -  Total Remote Usage
		Usr 0 00:00:00, Sys 0 00:00:00  -  Total Local Usage
	0  -  Run Bytes Sent By Job
	0  -  Run Bytes Received By Job
	0  -  Total Bytes Sent By Job
	0  -  Total Bytes Received By Job
	Partitionable Resources :    Usage  Request Allocated 
	   Cpus                 :        0        1         1 
	   Disk (KB)            :        1  2560000   3071991 
	   Memory (MB)          :        0     2048      2048 
...
005 (2814820.551.000) 08/02 12:27:49 Job terminated.
	(1) Normal termination (return value 255)
		Usr 0 00:00:00, Sys 0 00:00:00  -  Run Remote Usage
		Usr 0 00:00:00, Sys 0 00:00:00  -  Run Local Usage
		Usr 0 00:00:00, Sys 0 00:00:00  -  Total Remote Usage
		Usr 0 00:00:00, Sys 0 00:00:00  -  Total Local Usage
	0  -  Run Bytes Sent By Job
	0  -  Run Bytes Received By Job
	0  -  Total Bytes Sent By Job
	0  -  Total Bytes Received By Job
	Partitionable Resources :    Usage  Request Allocated 
	   Cpus                 :        0        1         1 
	   Disk (KB)            :        1  2560000   2769880 
	   Memory (MB)          :        0     2048      2048 
...
006 (2814820.563.000) 08/02 12:27:50 Image size of job updated: 16516
	0  -  MemoryUsage of job (MB)
	0  -  ResidentSetSize of job (KB)
...
006 (2814820.562.000) 08/02 12:27:50 Image size of job updated: 62592
	53  -  MemoryUsage of job (MB)
	53424  -  ResidentSetSize of job (KB)
...
005 (2814820.563.000) 08/02 12:27:50 Job terminated.
	(1) Normal termination (return value 255)
		Usr 0 00:00:00, Sys 0 00:00:00  -  Run Remote Usage
		Usr 0 00:00:00, Sys 0 00:00:00  -  Run Local Usage
		Usr 0 00:00:00, Sys 0 00:00:00  -  Total Remote Usage
		Usr 0 00:00:00, Sys 0 00:00:00  -  Total Local Usage
	0  -  Run Bytes Sent By Job
	0  -  Run Bytes Received By Job
	0  -  Total Bytes Sent By Job
	0  -  Total Bytes Received By Job
	Partitionable Resources :    Usage  Request Allocated 
	   Cpus                 :        0        1         1 
	   Disk (KB)            :        1  2560000   3250920 
	   Memory (MB)          :        0     2048      2048 
...
006 (2814820.541.000) 08/02 12:27:50 Image size of job updated: 19500
	0  -  MemoryUsage of job (MB)
	0  -  ResidentSetSize of job (KB)
...
005 (2814820.541.000) 08/02 12:27:50 Job terminated.
	(1) Normal termination (return value 255)
		Usr 0 00:00:00, Sys 0 00:00:00  -  Run Remote Usage
		Usr 0 00:00:00, Sys 0 00:00:00  -  Run Local Usage
		Usr 0 00:00:00, Sys 0 00:00:00  -  Total Remote Usage
		Usr 0 00:00:00, Sys 0 00:00:00  -  Total Local Usage
	0  -  Run Bytes Sent By Job
	0  -  Run Bytes Received By Job
	0  -  Total Bytes Sent By Job
	0  -  Total Bytes Received By Job
	Partitionable Resources :    Usage  Request Allocated 
	   Cpus                 :     0.01        1         1 
	   Disk (KB)            :     1     2560000   3063889 
	   Memory (MB)          :     0        2048      2048 
...
006 (2814820.573.000) 08/02 12:27:50 Image size of job updated: 302684
	0  -  MemoryUsage of job (MB)
	0  -  ResidentSetSize of job (KB)
...
005 (2814820.573.000) 08/02 12:27:50 Job terminated.
	(1) Normal termination (return value 255)
		Usr 0 00:00:00, Sys 0 00:00:00  -  Run Remote Usage
		Usr 0 00:00:00, Sys 0 00:00:00  -  Run Local Usage
		Usr 0 00:00:00, Sys 0 00:00:00  -  Total Remote Usage
		Usr 0 00:00:00, Sys 0 00:00:00  -  Total Local Usage
	0  -  Run Bytes Sent By Job
	0  -  Run Bytes Received By Job
	0  -  Total Bytes Sent By Job
	0  -  Total Bytes Received By Job
	Partitionable Resources :    Usage  Request Allocated 
	   Cpus                 :        0        1         1 
	   Disk (KB)            :        1  2560000   3782410 
	   Memory (MB)          :        0     2048      2048 
...
006 (2814820.548.000) 08/02 12:27:50 Image size of job updated: 432
	0  -  MemoryUsage of job (MB)
	0  -  ResidentSetSize of job (KB)
...
005 (2814820.548.000) 08/02 12:27:51 Job terminated.
	(1) Normal termination (return value 255)
		Usr 0 00:00:00, Sys 0 00:00:00  -  Run Remote Usage
		Usr 0 00:00:00, Sys 0 00:00:00  -  Run Local Usage
		Usr 0 00:00:00, Sys 0 00:00:00  -  Total Remote Usage
		Usr 0 00:00:00, Sys 0 00:00:00  -  Total Local Usage
	0  -  Run Bytes Sent By Job
	0  -  Run Bytes Received By Job
	0  -  Total Bytes Sent By Job
	0  -  Total Bytes Received By Job
	Partitionable Resources :    Usage  Request Allocated 
	   Cpus                 :        0        1         1 
	   Disk (KB)            :        1  2560000   3069790 
	   Memory (MB)          :        0     2048      2048 
...
005 (2814820.562.000) 08/02 12:27:52 Job terminated.
	(1) Normal termination (return value 255)
		Usr 0 00:00:00, Sys 0 00:00:00  -  Run Remote Usage
		Usr 0 00:00:00, Sys 0 00:00:00  -  Run Local Usage
		Usr 0 00:00:00, Sys 0 00:00:00  -  Total Remote Usage
		Usr 0 00:00:00, Sys 0 00:00:00  -  Total Local Usage
	0  -  Run Bytes Sent By Job
	0  -  Run Bytes Received By Job
	0  -  Total Bytes Sent By Job
	0  -  Total Bytes Received By Job
	Partitionable Resources :    Usage  Request Allocated 
	   Cpus                 :        0        1         1 
	   Disk (KB)            :        1  2560000   3250920 
	   Memory (MB)          :       53     2048      2048 
...
009 (2814820.287.000) 08/02 13:09:21 Job was aborted by the user.
	The system macro SYSTEM_PERIODIC_REMOVE expression '((JobStatus == 5 && (CurrentTime - EnteredCurrentStatus) > 14 * 24 * 3600)) || (JobRunCount > 10) || ((JobStatus == 2) && ((CurrentTime - EnteredCurrentStatus) > MaxJobRetirementTime))' evaluated to TRUE
...
