001 (2814818.004.000) 08/02 12:10:56 Job executing on host: <131.169.163.119:45044?addrs=131.169.163.119-45044>
...
001 (2814818.008.000) 08/02 12:10:57 Job executing on host: <131.169.77.224:44821?addrs=131.169.77.224-44821>
...
001 (2814818.001.000) 08/02 12:10:57 Job executing on host: <131.169.164.45:35205?addrs=131.169.164.45-35205>
...
006 (2814818.004.000) 08/02 12:10:58 Image size of job updated: 96820
	0  -  MemoryUsage of job (MB)
	0  -  ResidentSetSize of job (KB)
...
006 (2814818.008.000) 08/02 12:10:58 Image size of job updated: 136
	0  -  MemoryUsage of job (MB)
	0  -  ResidentSetSize of job (KB)
...
005 (2814818.004.000) 08/02 12:10:58 Job terminated.
	(1) Normal termination (return value 255)
		Usr 0 00:00:00, Sys 0 00:00:00  -  Run Remote Usage
		Usr 0 00:00:00, Sys 0 00:00:00  -  Run Local Usage
		Usr 0 00:00:00, Sys 0 00:00:00  -  Total Remote Usage
		Usr 0 00:00:00, Sys 0 00:00:00  -  Total Local Usage
	0  -  Run Bytes Sent By Job
	0  -  Run Bytes Received By Job
	0  -  Total Bytes Sent By Job
	0  -  Total Bytes Received By Job
	Partitionable Resources :    Usage  Request Allocated 
	   Cpus                 :                 1         1 
	   Disk (KB)            :        1  2560000   3250920 
	   Memory (MB)          :        0     2048      2048 
...
005 (2814818.008.000) 08/02 12:10:58 Job terminated.
	(1) Normal termination (return value 255)
		Usr 0 00:00:00, Sys 0 00:00:00  -  Run Remote Usage
		Usr 0 00:00:00, Sys 0 00:00:00  -  Run Local Usage
		Usr 0 00:00:00, Sys 0 00:00:00  -  Total Remote Usage
		Usr 0 00:00:00, Sys 0 00:00:00  -  Total Local Usage
	0  -  Run Bytes Sent By Job
	0  -  Run Bytes Received By Job
	0  -  Total Bytes Sent By Job
	0  -  Total Bytes Received By Job
	Partitionable Resources :    Usage  Request Allocated 
	   Cpus                 :                 1         1 
	   Disk (KB)            :        1  2560000   3806938 
	   Memory (MB)          :        0     2048      2048 
...
006 (2814818.001.000) 08/02 12:10:59 Image size of job updated: 296
	0  -  MemoryUsage of job (MB)
	0  -  ResidentSetSize of job (KB)
...
005 (2814818.001.000) 08/02 12:10:59 Job terminated.
	(1) Normal termination (return value 255)
		Usr 0 00:00:00, Sys 0 00:00:00  -  Run Remote Usage
		Usr 0 00:00:00, Sys 0 00:00:00  -  Run Local Usage
		Usr 0 00:00:00, Sys 0 00:00:00  -  Total Remote Usage
		Usr 0 00:00:00, Sys 0 00:00:00  -  Total Local Usage
	0  -  Run Bytes Sent By Job
	0  -  Run Bytes Received By Job
	0  -  Total Bytes Sent By Job
	0  -  Total Bytes Received By Job
	Partitionable Resources :    Usage  Request Allocated 
	   Cpus                 :     0.13        1         1 
	   Disk (KB)            :     1     2560000   3075532 
	   Memory (MB)          :     0        2048      2048 
...
001 (2814818.000.000) 08/02 12:21:28 Job executing on host: <131.169.163.135:38688?addrs=131.169.163.135-38688>
...
001 (2814818.017.000) 08/02 12:21:28 Job executing on host: <131.169.164.12:44535?addrs=131.169.164.12-44535>
...
001 (2814818.016.000) 08/02 12:21:28 Job executing on host: <131.169.77.45:37277?addrs=131.169.77.45-37277>
...
001 (2814818.003.000) 08/02 12:21:28 Job executing on host: <131.169.163.129:37612?addrs=131.169.163.129-37612>
...
001 (2814818.009.000) 08/02 12:21:29 Job executing on host: <131.169.164.14:41114?addrs=131.169.164.14-41114>
...
001 (2814818.011.000) 08/02 12:21:29 Job executing on host: <131.169.164.26:40862?addrs=131.169.164.26-40862>
...
001 (2814818.012.000) 08/02 12:21:29 Job executing on host: <131.169.163.102:35926?addrs=131.169.163.102-35926>
...
001 (2814818.013.000) 08/02 12:21:29 Job executing on host: <131.169.77.207:46748?addrs=131.169.77.207-46748>
...
001 (2814818.002.000) 08/02 12:21:29 Job executing on host: <131.169.163.128:39708?addrs=131.169.163.128-39708>
...
006 (2814818.017.000) 08/02 12:21:30 Image size of job updated: 11968
	0  -  MemoryUsage of job (MB)
	0  -  ResidentSetSize of job (KB)
...
005 (2814818.017.000) 08/02 12:21:30 Job terminated.
	(1) Normal termination (return value 255)
		Usr 0 00:00:00, Sys 0 00:00:00  -  Run Remote Usage
		Usr 0 00:00:00, Sys 0 00:00:00  -  Run Local Usage
		Usr 0 00:00:00, Sys 0 00:00:00  -  Total Remote Usage
		Usr 0 00:00:00, Sys 0 00:00:00  -  Total Local Usage
	0  -  Run Bytes Sent By Job
	0  -  Run Bytes Received By Job
	0  -  Total Bytes Sent By Job
	0  -  Total Bytes Received By Job
	Partitionable Resources :    Usage  Request Allocated 
	   Cpus                 :     0.07        1         1 
	   Disk (KB)            :     1     2560000   3073680 
	   Memory (MB)          :     0        2048      2048 
...
006 (2814818.000.000) 08/02 12:21:33 Image size of job updated: 301596
	0  -  MemoryUsage of job (MB)
	0  -  ResidentSetSize of job (KB)
...
005 (2814818.000.000) 08/02 12:21:33 Job terminated.
	(1) Normal termination (return value 255)
		Usr 0 00:00:00, Sys 0 00:00:00  -  Run Remote Usage
		Usr 0 00:00:00, Sys 0 00:00:00  -  Run Local Usage
		Usr 0 00:00:00, Sys 0 00:00:00  -  Total Remote Usage
		Usr 0 00:00:00, Sys 0 00:00:00  -  Total Local Usage
	0  -  Run Bytes Sent By Job
	0  -  Run Bytes Received By Job
	0  -  Total Bytes Sent By Job
	0  -  Total Bytes Received By Job
	Partitionable Resources :    Usage  Request Allocated 
	   Cpus                 :        0        1         1 
	   Disk (KB)            :        1  2560000   3249880 
	   Memory (MB)          :        0     2048      2048 
...
006 (2814818.011.000) 08/02 12:21:34 Image size of job updated: 16668
	0  -  MemoryUsage of job (MB)
	0  -  ResidentSetSize of job (KB)
...
005 (2814818.011.000) 08/02 12:21:34 Job terminated.
	(1) Normal termination (return value 255)
		Usr 0 00:00:00, Sys 0 00:00:00  -  Run Remote Usage
		Usr 0 00:00:00, Sys 0 00:00:00  -  Run Local Usage
		Usr 0 00:00:00, Sys 0 00:00:00  -  Total Remote Usage
		Usr 0 00:00:00, Sys 0 00:00:00  -  Total Local Usage
	0  -  Run Bytes Sent By Job
	0  -  Run Bytes Received By Job
	0  -  Total Bytes Sent By Job
	0  -  Total Bytes Received By Job
	Partitionable Resources :    Usage  Request Allocated 
	   Cpus                 :        0        1         1 
	   Disk (KB)            :        1  2560000   3075598 
	   Memory (MB)          :        0     2048      2048 
...
006 (2814818.013.000) 08/02 12:21:35 Image size of job updated: 17416
	0  -  MemoryUsage of job (MB)
	0  -  ResidentSetSize of job (KB)
...
005 (2814818.013.000) 08/02 12:21:35 Job terminated.
	(1) Normal termination (return value 255)
		Usr 0 00:00:00, Sys 0 00:00:00  -  Run Remote Usage
		Usr 0 00:00:00, Sys 0 00:00:00  -  Run Local Usage
		Usr 0 00:00:00, Sys 0 00:00:00  -  Total Remote Usage
		Usr 0 00:00:00, Sys 0 00:00:00  -  Total Local Usage
	0  -  Run Bytes Sent By Job
	0  -  Run Bytes Received By Job
	0  -  Total Bytes Sent By Job
	0  -  Total Bytes Received By Job
	Partitionable Resources :    Usage  Request Allocated 
	   Cpus                 :        0        1         1 
	   Disk (KB)            :        1  2560000   3789293 
	   Memory (MB)          :        0     2048      2048 
...
006 (2814818.012.000) 08/02 12:21:35 Image size of job updated: 109532
	0  -  MemoryUsage of job (MB)
	0  -  ResidentSetSize of job (KB)
...
005 (2814818.012.000) 08/02 12:21:35 Job terminated.
	(1) Normal termination (return value 255)
		Usr 0 00:00:00, Sys 0 00:00:00  -  Run Remote Usage
		Usr 0 00:00:00, Sys 0 00:00:00  -  Run Local Usage
		Usr 0 00:00:00, Sys 0 00:00:00  -  Total Remote Usage
		Usr 0 00:00:00, Sys 0 00:00:00  -  Total Local Usage
	0  -  Run Bytes Sent By Job
	0  -  Run Bytes Received By Job
	0  -  Total Bytes Sent By Job
	0  -  Total Bytes Received By Job
	Partitionable Resources :    Usage  Request Allocated 
	   Cpus                 :        0        1         1 
	   Disk (KB)            :        1  2560000   3251125 
	   Memory (MB)          :        0     2048      2048 
...
006 (2814818.002.000) 08/02 12:21:36 Image size of job updated: 292748
	0  -  MemoryUsage of job (MB)
	0  -  ResidentSetSize of job (KB)
...
005 (2814818.002.000) 08/02 12:21:36 Job terminated.
	(1) Normal termination (return value 255)
		Usr 0 00:00:00, Sys 0 00:00:00  -  Run Remote Usage
		Usr 0 00:00:00, Sys 0 00:00:00  -  Run Local Usage
		Usr 0 00:00:00, Sys 0 00:00:00  -  Total Remote Usage
		Usr 0 00:00:00, Sys 0 00:00:00  -  Total Local Usage
	0  -  Run Bytes Sent By Job
	0  -  Run Bytes Received By Job
	0  -  Total Bytes Sent By Job
	0  -  Total Bytes Received By Job
	Partitionable Resources :    Usage  Request Allocated 
	   Cpus                 :        0        1         1 
	   Disk (KB)            :        1  2560000   3247106 
	   Memory (MB)          :        0     2048      2048 
...
006 (2814818.009.000) 08/02 12:21:36 Image size of job updated: 301596
	0  -  MemoryUsage of job (MB)
	0  -  ResidentSetSize of job (KB)
...
005 (2814818.009.000) 08/02 12:21:36 Job terminated.
	(1) Normal termination (return value 255)
		Usr 0 00:00:00, Sys 0 00:00:00  -  Run Remote Usage
		Usr 0 00:00:00, Sys 0 00:00:00  -  Run Local Usage
		Usr 0 00:00:00, Sys 0 00:00:00  -  Total Remote Usage
		Usr 0 00:00:00, Sys 0 00:00:00  -  Total Local Usage
	0  -  Run Bytes Sent By Job
	0  -  Run Bytes Received By Job
	0  -  Total Bytes Sent By Job
	0  -  Total Bytes Received By Job
	Partitionable Resources :    Usage  Request Allocated 
	   Cpus                 :        0        1         1 
	   Disk (KB)            :        1  2560000   2990998 
	   Memory (MB)          :        0     2048      2048 
...
006 (2814818.016.000) 08/02 12:21:37 Image size of job updated: 44756
	24  -  MemoryUsage of job (MB)
	23764  -  ResidentSetSize of job (KB)
...
006 (2814818.003.000) 08/02 12:21:37 Image size of job updated: 17608
	6  -  MemoryUsage of job (MB)
	5224  -  ResidentSetSize of job (KB)
...
006 (2814818.003.000) 08/02 12:21:50 Image size of job updated: 87232
	6  -  MemoryUsage of job (MB)
	5224  -  ResidentSetSize of job (KB)
...
005 (2814818.003.000) 08/02 12:21:50 Job terminated.
	(1) Normal termination (return value 255)
		Usr 0 00:00:00, Sys 0 00:00:00  -  Run Remote Usage
		Usr 0 00:00:00, Sys 0 00:00:00  -  Run Local Usage
		Usr 0 00:00:00, Sys 0 00:00:00  -  Total Remote Usage
		Usr 0 00:00:00, Sys 0 00:00:00  -  Total Local Usage
	0  -  Run Bytes Sent By Job
	0  -  Run Bytes Received By Job
	0  -  Total Bytes Sent By Job
	0  -  Total Bytes Received By Job
	Partitionable Resources :    Usage  Request Allocated 
	   Cpus                 :        0        1         1 
	   Disk (KB)            :        1  2560000   3255615 
	   Memory (MB)          :        6     2048      2048 
...
006 (2814818.016.000) 08/02 12:21:52 Image size of job updated: 117480
	24  -  MemoryUsage of job (MB)
	23784  -  ResidentSetSize of job (KB)
...
005 (2814818.016.000) 08/02 12:21:52 Job terminated.
	(1) Normal termination (return value 255)
		Usr 0 00:00:00, Sys 0 00:00:00  -  Run Remote Usage
		Usr 0 00:00:00, Sys 0 00:00:00  -  Run Local Usage
		Usr 0 00:00:00, Sys 0 00:00:00  -  Total Remote Usage
		Usr 0 00:00:00, Sys 0 00:00:00  -  Total Local Usage
	0  -  Run Bytes Sent By Job
	0  -  Run Bytes Received By Job
	0  -  Total Bytes Sent By Job
	0  -  Total Bytes Received By Job
	Partitionable Resources :    Usage  Request Allocated 
	   Cpus                 :        0        1         1 
	   Disk (KB)            :        1  2560000   2833801 
	   Memory (MB)          :       24     2048      2048 
...
001 (2814818.134.000) 08/02 12:23:35 Job executing on host: <131.169.77.16:42042?addrs=131.169.77.16-42042>
...
001 (2814818.019.000) 08/02 12:23:35 Job executing on host: <131.169.84.131:34423?addrs=131.169.84.131-34423>
...
001 (2814818.020.000) 08/02 12:23:38 Job executing on host: <131.169.77.12:33489?addrs=131.169.77.12-33489>
...
006 (2814818.019.000) 08/02 12:23:40 Image size of job updated: 316
	0  -  MemoryUsage of job (MB)
	0  -  ResidentSetSize of job (KB)
...
005 (2814818.019.000) 08/02 12:23:40 Job terminated.
	(1) Normal termination (return value 255)
		Usr 0 00:00:00, Sys 0 00:00:00  -  Run Remote Usage
		Usr 0 00:00:00, Sys 0 00:00:00  -  Run Local Usage
		Usr 0 00:00:00, Sys 0 00:00:00  -  Total Remote Usage
		Usr 0 00:00:00, Sys 0 00:00:00  -  Total Local Usage
	0  -  Run Bytes Sent By Job
	0  -  Run Bytes Received By Job
	0  -  Total Bytes Sent By Job
	0  -  Total Bytes Received By Job
	Partitionable Resources :    Usage  Request Allocated 
	   Cpus                 :        0        1         1 
	   Disk (KB)            :        1  2560000   2796364 
	   Memory (MB)          :        0     2048      2048 
...
006 (2814818.134.000) 08/02 12:23:44 Image size of job updated: 86912
	34  -  MemoryUsage of job (MB)
	33968  -  ResidentSetSize of job (KB)
...
006 (2814818.020.000) 08/02 12:23:46 Image size of job updated: 23404
	7  -  MemoryUsage of job (MB)
	7036  -  ResidentSetSize of job (KB)
...
006 (2814818.134.000) 08/02 12:23:59 Image size of job updated: 114072
	34  -  MemoryUsage of job (MB)
	33968  -  ResidentSetSize of job (KB)
...
005 (2814818.134.000) 08/02 12:23:59 Job terminated.
	(1) Normal termination (return value 255)
		Usr 0 00:00:00, Sys 0 00:00:00  -  Run Remote Usage
		Usr 0 00:00:00, Sys 0 00:00:00  -  Run Local Usage
		Usr 0 00:00:00, Sys 0 00:00:00  -  Total Remote Usage
		Usr 0 00:00:00, Sys 0 00:00:00  -  Total Local Usage
	0  -  Run Bytes Sent By Job
	0  -  Run Bytes Received By Job
	0  -  Total Bytes Sent By Job
	0  -  Total Bytes Received By Job
	Partitionable Resources :    Usage  Request Allocated 
	   Cpus                 :        0        1         1 
	   Disk (KB)            :        1  2560000   2829178 
	   Memory (MB)          :       34     2048      2048 
...
006 (2814818.020.000) 08/02 12:24:01 Image size of job updated: 117488
	7  -  MemoryUsage of job (MB)
	7036  -  ResidentSetSize of job (KB)
...
005 (2814818.020.000) 08/02 12:24:01 Job terminated.
	(1) Normal termination (return value 255)
		Usr 0 00:00:00, Sys 0 00:00:00  -  Run Remote Usage
		Usr 0 00:00:00, Sys 0 00:00:00  -  Run Local Usage
		Usr 0 00:00:00, Sys 0 00:00:00  -  Total Remote Usage
		Usr 0 00:00:00, Sys 0 00:00:00  -  Total Local Usage
	0  -  Run Bytes Sent By Job
	0  -  Run Bytes Received By Job
	0  -  Total Bytes Sent By Job
	0  -  Total Bytes Received By Job
	Partitionable Resources :    Usage  Request Allocated 
	   Cpus                 :        0        1         1 
	   Disk (KB)            :        1  2560000   2832158 
	   Memory (MB)          :        7     2048      2048 
...
001 (2814818.014.000) 08/02 12:42:00 Job executing on host: <131.169.163.122:34275?addrs=131.169.163.122-34275>
...
006 (2814818.014.000) 08/02 12:42:02 Image size of job updated: 76284
	0  -  MemoryUsage of job (MB)
	0  -  ResidentSetSize of job (KB)
...
005 (2814818.014.000) 08/02 12:42:02 Job terminated.
	(1) Normal termination (return value 255)
		Usr 0 00:00:00, Sys 0 00:00:00  -  Run Remote Usage
		Usr 0 00:00:00, Sys 0 00:00:00  -  Run Local Usage
		Usr 0 00:00:00, Sys 0 00:00:00  -  Total Remote Usage
		Usr 0 00:00:00, Sys 0 00:00:00  -  Total Local Usage
	0  -  Run Bytes Sent By Job
	0  -  Run Bytes Received By Job
	0  -  Total Bytes Sent By Job
	0  -  Total Bytes Received By Job
	Partitionable Resources :    Usage  Request Allocated 
	   Cpus                 :        0        1         1 
	   Disk (KB)            :        1  2560000   3245744 
	   Memory (MB)          :        0     2048      2048 
...
001 (2814818.010.000) 08/02 12:44:09 Job executing on host: <131.169.76.195:44231?addrs=131.169.76.195-44231>
...
006 (2814818.010.000) 08/02 12:44:11 Image size of job updated: 308
	0  -  MemoryUsage of job (MB)
	0  -  ResidentSetSize of job (KB)
...
005 (2814818.010.000) 08/02 12:44:12 Job terminated.
	(1) Normal termination (return value 255)
		Usr 0 00:00:00, Sys 0 00:00:00  -  Run Remote Usage
		Usr 0 00:00:00, Sys 0 00:00:00  -  Run Local Usage
		Usr 0 00:00:00, Sys 0 00:00:00  -  Total Remote Usage
		Usr 0 00:00:00, Sys 0 00:00:00  -  Total Local Usage
	0  -  Run Bytes Sent By Job
	0  -  Run Bytes Received By Job
	0  -  Total Bytes Sent By Job
	0  -  Total Bytes Received By Job
	Partitionable Resources :    Usage  Request Allocated 
	   Cpus                 :                 1         1 
	   Disk (KB)            :        1  2560000   2781919 
	   Memory (MB)          :        0     2048      2048 
...
001 (2814818.018.000) 08/02 12:46:17 Job executing on host: <131.169.76.206:37350?addrs=131.169.76.206-37350>
...
006 (2814818.018.000) 08/02 12:46:21 Image size of job updated: 109828
	0  -  MemoryUsage of job (MB)
	0  -  ResidentSetSize of job (KB)
...
005 (2814818.018.000) 08/02 12:46:21 Job terminated.
	(1) Normal termination (return value 255)
		Usr 0 00:00:00, Sys 0 00:00:00  -  Run Remote Usage
		Usr 0 00:00:00, Sys 0 00:00:00  -  Run Local Usage
		Usr 0 00:00:00, Sys 0 00:00:00  -  Total Remote Usage
		Usr 0 00:00:00, Sys 0 00:00:00  -  Total Local Usage
	0  -  Run Bytes Sent By Job
	0  -  Run Bytes Received By Job
	0  -  Total Bytes Sent By Job
	0  -  Total Bytes Received By Job
	Partitionable Resources :    Usage  Request Allocated 
	   Cpus                 :        0        1         1 
	   Disk (KB)            :        1  2560000   2776625 
	   Memory (MB)          :        0     2048      2048 
...
