001 (2814824.012.000) 08/02 12:10:53 Job executing on host: <131.169.84.188:34962?addrs=131.169.84.188-34962>
...
001 (2814824.001.000) 08/02 12:10:53 Job executing on host: <131.169.164.3:40440?addrs=131.169.164.3-40440>
...
001 (2814824.019.000) 08/02 12:10:53 Job executing on host: <131.169.77.29:36756?addrs=131.169.77.29-36756>
...
001 (2814824.000.000) 08/02 12:10:53 Job executing on host: <131.169.163.136:46821?addrs=131.169.163.136-46821>
...
001 (2814824.015.000) 08/02 12:10:54 Job executing on host: <131.169.84.126:46068?addrs=131.169.84.126-46068>
...
001 (2814824.004.000) 08/02 12:10:54 Job executing on host: <131.169.84.211:43577?addrs=131.169.84.211-43577>
...
001 (2814824.017.000) 08/02 12:10:54 Job executing on host: <131.169.77.61:44842?addrs=131.169.77.61-44842>
...
001 (2814824.010.000) 08/02 12:10:54 Job executing on host: <131.169.76.212:37989?addrs=131.169.76.212-37989>
...
001 (2814824.008.000) 08/02 12:10:54 Job executing on host: <131.169.84.117:46039?addrs=131.169.84.117-46039>
...
001 (2814824.025.000) 08/02 12:10:54 Job executing on host: <131.169.77.7:43408?addrs=131.169.77.7-43408>
...
001 (2814824.021.000) 08/02 12:10:54 Job executing on host: <131.169.77.48:40842?addrs=131.169.77.48-40842>
...
001 (2814824.016.000) 08/02 12:10:54 Job executing on host: <131.169.84.126:46068?addrs=131.169.84.126-46068>
...
001 (2814824.014.000) 08/02 12:10:54 Job executing on host: <131.169.76.173:38045?addrs=131.169.76.173-38045>
...
001 (2814824.031.000) 08/02 12:10:54 Job executing on host: <131.169.164.16:36627?addrs=131.169.164.16-36627>
...
001 (2814824.006.000) 08/02 12:10:54 Job executing on host: <131.169.84.82:36221?addrs=131.169.84.82-36221>
...
001 (2814824.023.000) 08/02 12:10:54 Job executing on host: <131.169.77.28:37695?addrs=131.169.77.28-37695>
...
001 (2814824.013.000) 08/02 12:10:54 Job executing on host: <131.169.84.188:34962?addrs=131.169.84.188-34962>
...
001 (2814824.029.000) 08/02 12:10:54 Job executing on host: <131.169.77.60:36305?addrs=131.169.77.60-36305>
...
001 (2814824.020.000) 08/02 12:10:54 Job executing on host: <131.169.77.29:36756?addrs=131.169.77.29-36756>
...
001 (2814824.005.000) 08/02 12:10:54 Job executing on host: <131.169.84.211:43577?addrs=131.169.84.211-43577>
...
001 (2814824.027.000) 08/02 12:10:54 Job executing on host: <131.169.77.6:40049?addrs=131.169.77.6-40049>
...
001 (2814824.018.000) 08/02 12:10:55 Job executing on host: <131.169.77.61:44842?addrs=131.169.77.61-44842>
...
001 (2814824.026.000) 08/02 12:10:55 Job executing on host: <131.169.77.7:43408?addrs=131.169.77.7-43408>
...
001 (2814824.011.000) 08/02 12:10:55 Job executing on host: <131.169.76.212:37989?addrs=131.169.76.212-37989>
...
001 (2814824.009.000) 08/02 12:10:55 Job executing on host: <131.169.84.117:46039?addrs=131.169.84.117-46039>
...
001 (2814824.022.000) 08/02 12:10:55 Job executing on host: <131.169.77.48:40842?addrs=131.169.77.48-40842>
...
001 (2814824.024.000) 08/02 12:10:55 Job executing on host: <131.169.77.28:37695?addrs=131.169.77.28-37695>
...
001 (2814824.007.000) 08/02 12:10:55 Job executing on host: <131.169.84.82:36221?addrs=131.169.84.82-36221>
...
006 (2814824.001.000) 08/02 12:10:55 Image size of job updated: 2940
	0  -  MemoryUsage of job (MB)
	0  -  ResidentSetSize of job (KB)
...
005 (2814824.001.000) 08/02 12:10:55 Job terminated.
	(1) Normal termination (return value 255)
		Usr 0 00:00:00, Sys 0 00:00:00  -  Run Remote Usage
		Usr 0 00:00:00, Sys 0 00:00:00  -  Run Local Usage
		Usr 0 00:00:00, Sys 0 00:00:00  -  Total Remote Usage
		Usr 0 00:00:00, Sys 0 00:00:00  -  Total Local Usage
	0  -  Run Bytes Sent By Job
	0  -  Run Bytes Received By Job
	0  -  Total Bytes Sent By Job
	0  -  Total Bytes Received By Job
	Partitionable Resources :    Usage  Request Allocated 
	   Cpus                 :                 1         1 
	   Disk (KB)            :        1  2560000   3075056 
	   Memory (MB)          :        0     2048      2048 
...
001 (2814824.028.000) 08/02 12:10:55 Job executing on host: <131.169.77.6:40049?addrs=131.169.77.6-40049>
...
001 (2814824.030.000) 08/02 12:10:55 Job executing on host: <131.169.77.60:36305?addrs=131.169.77.60-36305>
...
006 (2814824.016.000) 08/02 12:10:55 Image size of job updated: 56
	0  -  MemoryUsage of job (MB)
	0  -  ResidentSetSize of job (KB)
...
006 (2814824.015.000) 08/02 12:10:55 Image size of job updated: 95840
	0  -  MemoryUsage of job (MB)
	0  -  ResidentSetSize of job (KB)
...
006 (2814824.017.000) 08/02 12:10:56 Image size of job updated: 4328
	0  -  MemoryUsage of job (MB)
	0  -  ResidentSetSize of job (KB)
...
006 (2814824.021.000) 08/02 12:10:56 Image size of job updated: 2116
	0  -  MemoryUsage of job (MB)
	0  -  ResidentSetSize of job (KB)
...
005 (2814824.016.000) 08/02 12:10:56 Job terminated.
	(1) Normal termination (return value 255)
		Usr 0 00:00:00, Sys 0 00:00:00  -  Run Remote Usage
		Usr 0 00:00:00, Sys 0 00:00:00  -  Run Local Usage
		Usr 0 00:00:00, Sys 0 00:00:00  -  Total Remote Usage
		Usr 0 00:00:00, Sys 0 00:00:00  -  Total Local Usage
	0  -  Run Bytes Sent By Job
	0  -  Run Bytes Received By Job
	0  -  Total Bytes Sent By Job
	0  -  Total Bytes Received By Job
	Partitionable Resources :    Usage  Request Allocated 
	   Cpus                 :                 1         1 
	   Disk (KB)            :        1  2560000   2781654 
	   Memory (MB)          :        0     2048      2048 
...
005 (2814824.015.000) 08/02 12:10:56 Job terminated.
	(1) Normal termination (return value 255)
		Usr 0 00:00:00, Sys 0 00:00:00  -  Run Remote Usage
		Usr 0 00:00:00, Sys 0 00:00:00  -  Run Local Usage
		Usr 0 00:00:00, Sys 0 00:00:00  -  Total Remote Usage
		Usr 0 00:00:00, Sys 0 00:00:00  -  Total Local Usage
	0  -  Run Bytes Sent By Job
	0  -  Run Bytes Received By Job
	0  -  Total Bytes Sent By Job
	0  -  Total Bytes Received By Job
	Partitionable Resources :    Usage  Request Allocated 
	   Cpus                 :                 1         1 
	   Disk (KB)            :        1  2560000   2781654 
	   Memory (MB)          :        0     2048      2048 
...
006 (2814824.031.000) 08/02 12:10:56 Image size of job updated: 96
	0  -  MemoryUsage of job (MB)
	0  -  ResidentSetSize of job (KB)
...
006 (2814824.004.000) 08/02 12:10:56 Image size of job updated: 5912
	0  -  MemoryUsage of job (MB)
	0  -  ResidentSetSize of job (KB)
...
005 (2814824.017.000) 08/02 12:10:56 Job terminated.
	(1) Normal termination (return value 255)
		Usr 0 00:00:00, Sys 0 00:00:00  -  Run Remote Usage
		Usr 0 00:00:00, Sys 0 00:00:00  -  Run Local Usage
		Usr 0 00:00:00, Sys 0 00:00:00  -  Total Remote Usage
		Usr 0 00:00:00, Sys 0 00:00:00  -  Total Local Usage
	0  -  Run Bytes Sent By Job
	0  -  Run Bytes Received By Job
	0  -  Total Bytes Sent By Job
	0  -  Total Bytes Received By Job
	Partitionable Resources :    Usage  Request Allocated 
	   Cpus                 :        0        1         1 
	   Disk (KB)            :        1  2560000   2832841 
	   Memory (MB)          :        0     2048      2048 
...
006 (2814824.019.000) 08/02 12:10:56 Image size of job updated: 5600
	0  -  MemoryUsage of job (MB)
	0  -  ResidentSetSize of job (KB)
...
005 (2814824.021.000) 08/02 12:10:56 Job terminated.
	(1) Normal termination (return value 255)
		Usr 0 00:00:00, Sys 0 00:00:00  -  Run Remote Usage
		Usr 0 00:00:00, Sys 0 00:00:00  -  Run Local Usage
		Usr 0 00:00:00, Sys 0 00:00:00  -  Total Remote Usage
		Usr 0 00:00:00, Sys 0 00:00:00  -  Total Local Usage
	0  -  Run Bytes Sent By Job
	0  -  Run Bytes Received By Job
	0  -  Total Bytes Sent By Job
	0  -  Total Bytes Received By Job
	Partitionable Resources :    Usage  Request Allocated 
	   Cpus                 :        0        1         1 
	   Disk (KB)            :        1  2560000   2829348 
	   Memory (MB)          :        0     2048      2048 
...
006 (2814824.000.000) 08/02 12:10:56 Image size of job updated: 24
	0  -  MemoryUsage of job (MB)
	0  -  ResidentSetSize of job (KB)
...
006 (2814824.010.000) 08/02 12:10:56 Image size of job updated: 6800
	0  -  MemoryUsage of job (MB)
	0  -  ResidentSetSize of job (KB)
...
005 (2814824.031.000) 08/02 12:10:56 Job terminated.
	(1) Normal termination (return value 255)
		Usr 0 00:00:00, Sys 0 00:00:00  -  Run Remote Usage
		Usr 0 00:00:00, Sys 0 00:00:00  -  Run Local Usage
		Usr 0 00:00:00, Sys 0 00:00:00  -  Total Remote Usage
		Usr 0 00:00:00, Sys 0 00:00:00  -  Total Local Usage
	0  -  Run Bytes Sent By Job
	0  -  Run Bytes Received By Job
	0  -  Total Bytes Sent By Job
	0  -  Total Bytes Received By Job
	Partitionable Resources :    Usage  Request Allocated 
	   Cpus                 :                 1         1 
	   Disk (KB)            :        1  2560000   3073792 
	   Memory (MB)          :        0     2048      2048 
...
005 (2814824.004.000) 08/02 12:10:56 Job terminated.
	(1) Normal termination (return value 255)
		Usr 0 00:00:00, Sys 0 00:00:00  -  Run Remote Usage
		Usr 0 00:00:00, Sys 0 00:00:00  -  Run Local Usage
		Usr 0 00:00:00, Sys 0 00:00:00  -  Total Remote Usage
		Usr 0 00:00:00, Sys 0 00:00:00  -  Total Local Usage
	0  -  Run Bytes Sent By Job
	0  -  Run Bytes Received By Job
	0  -  Total Bytes Sent By Job
	0  -  Total Bytes Received By Job
	Partitionable Resources :    Usage  Request Allocated 
	   Cpus                 :        0        1         1 
	   Disk (KB)            :        1  2560000   2764818 
	   Memory (MB)          :        0     2048      2048 
...
006 (2814824.023.000) 08/02 12:10:56 Image size of job updated: 26100
	0  -  MemoryUsage of job (MB)
	0  -  ResidentSetSize of job (KB)
...
005 (2814824.019.000) 08/02 12:10:56 Job terminated.
	(1) Normal termination (return value 255)
		Usr 0 00:00:00, Sys 0 00:00:00  -  Run Remote Usage
		Usr 0 00:00:00, Sys 0 00:00:00  -  Run Local Usage
		Usr 0 00:00:00, Sys 0 00:00:00  -  Total Remote Usage
		Usr 0 00:00:00, Sys 0 00:00:00  -  Total Local Usage
	0  -  Run Bytes Sent By Job
	0  -  Run Bytes Received By Job
	0  -  Total Bytes Sent By Job
	0  -  Total Bytes Received By Job
	Partitionable Resources :    Usage  Request Allocated 
	   Cpus                 :        0        1         1 
	   Disk (KB)            :        1  2560000   2860267 
	   Memory (MB)          :        0     2048      2048 
...
006 (2814824.005.000) 08/02 12:10:56 Image size of job updated: 492
	0  -  MemoryUsage of job (MB)
	0  -  ResidentSetSize of job (KB)
...
006 (2814824.020.000) 08/02 12:10:56 Image size of job updated: 289876
	0  -  MemoryUsage of job (MB)
	0  -  ResidentSetSize of job (KB)
...
006 (2814824.018.000) 08/02 12:10:56 Image size of job updated: 309728
	0  -  MemoryUsage of job (MB)
	0  -  ResidentSetSize of job (KB)
...
006 (2814824.014.000) 08/02 12:10:56 Image size of job updated: 78756
	0  -  MemoryUsage of job (MB)
	0  -  ResidentSetSize of job (KB)
...
005 (2814824.010.000) 08/02 12:10:56 Job terminated.
	(1) Normal termination (return value 255)
		Usr 0 00:00:00, Sys 0 00:00:00  -  Run Remote Usage
		Usr 0 00:00:00, Sys 0 00:00:00  -  Run Local Usage
		Usr 0 00:00:00, Sys 0 00:00:00  -  Total Remote Usage
		Usr 0 00:00:00, Sys 0 00:00:00  -  Total Local Usage
	0  -  Run Bytes Sent By Job
	0  -  Run Bytes Received By Job
	0  -  Total Bytes Sent By Job
	0  -  Total Bytes Received By Job
	Partitionable Resources :    Usage  Request Allocated 
	   Cpus                 :        0        1         1 
	   Disk (KB)            :        1  2560000   2748396 
	   Memory (MB)          :        0     2048      2048 
...
005 (2814824.000.000) 08/02 12:10:56 Job terminated.
	(1) Normal termination (return value 255)
		Usr 0 00:00:00, Sys 0 00:00:00  -  Run Remote Usage
		Usr 0 00:00:00, Sys 0 00:00:00  -  Run Local Usage
		Usr 0 00:00:00, Sys 0 00:00:00  -  Total Remote Usage
		Usr 0 00:00:00, Sys 0 00:00:00  -  Total Local Usage
	0  -  Run Bytes Sent By Job
	0  -  Run Bytes Received By Job
	0  -  Total Bytes Sent By Job
	0  -  Total Bytes Received By Job
	Partitionable Resources :    Usage  Request Allocated 
	   Cpus                 :                 1         1 
	   Disk (KB)            :        1  2560000   3248902 
	   Memory (MB)          :        0     2048      2048 
...
005 (2814824.023.000) 08/02 12:10:57 Job terminated.
	(1) Normal termination (return value 255)
		Usr 0 00:00:00, Sys 0 00:00:00  -  Run Remote Usage
		Usr 0 00:00:00, Sys 0 00:00:00  -  Run Local Usage
		Usr 0 00:00:00, Sys 0 00:00:00  -  Total Remote Usage
		Usr 0 00:00:00, Sys 0 00:00:00  -  Total Local Usage
	0  -  Run Bytes Sent By Job
	0  -  Run Bytes Received By Job
	0  -  Total Bytes Sent By Job
	0  -  Total Bytes Received By Job
	Partitionable Resources :    Usage  Request Allocated 
	   Cpus                 :                 1         1 
	   Disk (KB)            :        1  2560000   2830459 
	   Memory (MB)          :        0     2048      2048 
...
006 (2814824.011.000) 08/02 12:10:57 Image size of job updated: 282212
	0  -  MemoryUsage of job (MB)
	0  -  ResidentSetSize of job (KB)
...
006 (2814824.027.000) 08/02 12:10:57 Image size of job updated: 11392
	0  -  MemoryUsage of job (MB)
	0  -  ResidentSetSize of job (KB)
...
006 (2814824.012.000) 08/02 12:10:57 Image size of job updated: 125244
	0  -  MemoryUsage of job (MB)
	0  -  ResidentSetSize of job (KB)
...
006 (2814824.013.000) 08/02 12:10:57 Image size of job updated: 140
	0  -  MemoryUsage of job (MB)
	0  -  ResidentSetSize of job (KB)
...
005 (2814824.005.000) 08/02 12:10:57 Job terminated.
	(1) Normal termination (return value 255)
		Usr 0 00:00:00, Sys 0 00:00:00  -  Run Remote Usage
		Usr 0 00:00:00, Sys 0 00:00:00  -  Run Local Usage
		Usr 0 00:00:00, Sys 0 00:00:00  -  Total Remote Usage
		Usr 0 00:00:00, Sys 0 00:00:00  -  Total Local Usage
	0  -  Run Bytes Sent By Job
	0  -  Run Bytes Received By Job
	0  -  Total Bytes Sent By Job
	0  -  Total Bytes Received By Job
	Partitionable Resources :    Usage  Request Allocated 
	   Cpus                 :                 1         1 
	   Disk (KB)            :        1  2560000   2764818 
	   Memory (MB)          :        0     2048      2048 
...
005 (2814824.020.000) 08/02 12:10:57 Job terminated.
	(1) Normal termination (return value 255)
		Usr 0 00:00:00, Sys 0 00:00:00  -  Run Remote Usage
		Usr 0 00:00:00, Sys 0 00:00:00  -  Run Local Usage
		Usr 0 00:00:00, Sys 0 00:00:00  -  Total Remote Usage
		Usr 0 00:00:00, Sys 0 00:00:00  -  Total Local Usage
	0  -  Run Bytes Sent By Job
	0  -  Run Bytes Received By Job
	0  -  Total Bytes Sent By Job
	0  -  Total Bytes Received By Job
	Partitionable Resources :    Usage  Request Allocated 
	   Cpus                 :                 1         1 
	   Disk (KB)            :        1  2560000   2860267 
	   Memory (MB)          :        0     2048      2048 
...
005 (2814824.018.000) 08/02 12:10:57 Job terminated.
	(1) Normal termination (return value 255)
		Usr 0 00:00:00, Sys 0 00:00:00  -  Run Remote Usage
		Usr 0 00:00:00, Sys 0 00:00:00  -  Run Local Usage
		Usr 0 00:00:00, Sys 0 00:00:00  -  Total Remote Usage
		Usr 0 00:00:00, Sys 0 00:00:00  -  Total Local Usage
	0  -  Run Bytes Sent By Job
	0  -  Run Bytes Received By Job
	0  -  Total Bytes Sent By Job
	0  -  Total Bytes Received By Job
	Partitionable Resources :    Usage  Request Allocated 
	   Cpus                 :                 1         1 
	   Disk (KB)            :        1  2560000   2832841 
	   Memory (MB)          :        0     2048      2048 
...
006 (2814824.024.000) 08/02 12:10:57 Image size of job updated: 301612
	0  -  MemoryUsage of job (MB)
	0  -  ResidentSetSize of job (KB)
...
005 (2814824.014.000) 08/02 12:10:57 Job terminated.
	(1) Normal termination (return value 255)
		Usr 0 00:00:00, Sys 0 00:00:00  -  Run Remote Usage
		Usr 0 00:00:00, Sys 0 00:00:00  -  Run Local Usage
		Usr 0 00:00:00, Sys 0 00:00:00  -  Total Remote Usage
		Usr 0 00:00:00, Sys 0 00:00:00  -  Total Local Usage
	0  -  Run Bytes Sent By Job
	0  -  Run Bytes Received By Job
	0  -  Total Bytes Sent By Job
	0  -  Total Bytes Received By Job
	Partitionable Resources :    Usage  Request Allocated 
	   Cpus                 :                 1         1 
	   Disk (KB)            :        1  2560000   2781680 
	   Memory (MB)          :        0     2048      2048 
...
006 (2814824.025.000) 08/02 12:10:57 Image size of job updated: 271000
	0  -  MemoryUsage of job (MB)
	0  -  ResidentSetSize of job (KB)
...
006 (2814824.026.000) 08/02 12:10:57 Image size of job updated: 256
	0  -  MemoryUsage of job (MB)
	0  -  ResidentSetSize of job (KB)
...
006 (2814824.028.000) 08/02 12:10:57 Image size of job updated: 444
	0  -  MemoryUsage of job (MB)
	0  -  ResidentSetSize of job (KB)
...
006 (2814824.008.000) 08/02 12:10:57 Image size of job updated: 301596
	0  -  MemoryUsage of job (MB)
	0  -  ResidentSetSize of job (KB)
...
006 (2814824.009.000) 08/02 12:10:57 Image size of job updated: 301600
	0  -  MemoryUsage of job (MB)
	0  -  ResidentSetSize of job (KB)
...
005 (2814824.011.000) 08/02 12:10:57 Job terminated.
	(1) Normal termination (return value 255)
		Usr 0 00:00:00, Sys 0 00:00:00  -  Run Remote Usage
		Usr 0 00:00:00, Sys 0 00:00:00  -  Run Local Usage
		Usr 0 00:00:00, Sys 0 00:00:00  -  Total Remote Usage
		Usr 0 00:00:00, Sys 0 00:00:00  -  Total Local Usage
	0  -  Run Bytes Sent By Job
	0  -  Run Bytes Received By Job
	0  -  Total Bytes Sent By Job
	0  -  Total Bytes Received By Job
	Partitionable Resources :    Usage  Request Allocated 
	   Cpus                 :                 1         1 
	   Disk (KB)            :        1  2560000   2748396 
	   Memory (MB)          :        0     2048      2048 
...
005 (2814824.012.000) 08/02 12:10:57 Job terminated.
	(1) Normal termination (return value 255)
		Usr 0 00:00:00, Sys 0 00:00:00  -  Run Remote Usage
		Usr 0 00:00:00, Sys 0 00:00:00  -  Run Local Usage
		Usr 0 00:00:00, Sys 0 00:00:00  -  Total Remote Usage
		Usr 0 00:00:00, Sys 0 00:00:00  -  Total Local Usage
	0  -  Run Bytes Sent By Job
	0  -  Run Bytes Received By Job
	0  -  Total Bytes Sent By Job
	0  -  Total Bytes Received By Job
	Partitionable Resources :    Usage  Request Allocated 
	   Cpus                 :        0        1         1 
	   Disk (KB)            :        1  2560000   2736652 
	   Memory (MB)          :        0     2048      2048 
...
005 (2814824.027.000) 08/02 12:10:57 Job terminated.
	(1) Normal termination (return value 255)
		Usr 0 00:00:00, Sys 0 00:00:00  -  Run Remote Usage
		Usr 0 00:00:00, Sys 0 00:00:00  -  Run Local Usage
		Usr 0 00:00:00, Sys 0 00:00:00  -  Total Remote Usage
		Usr 0 00:00:00, Sys 0 00:00:00  -  Total Local Usage
	0  -  Run Bytes Sent By Job
	0  -  Run Bytes Received By Job
	0  -  Total Bytes Sent By Job
	0  -  Total Bytes Received By Job
	Partitionable Resources :    Usage  Request Allocated 
	   Cpus                 :                 1         1 
	   Disk (KB)            :        1  2560000   2832647 
	   Memory (MB)          :        0     2048      2048 
...
005 (2814824.013.000) 08/02 12:10:57 Job terminated.
	(1) Normal termination (return value 255)
		Usr 0 00:00:00, Sys 0 00:00:00  -  Run Remote Usage
		Usr 0 00:00:00, Sys 0 00:00:00  -  Run Local Usage
		Usr 0 00:00:00, Sys 0 00:00:00  -  Total Remote Usage
		Usr 0 00:00:00, Sys 0 00:00:00  -  Total Local Usage
	0  -  Run Bytes Sent By Job
	0  -  Run Bytes Received By Job
	0  -  Total Bytes Sent By Job
	0  -  Total Bytes Received By Job
	Partitionable Resources :    Usage  Request Allocated 
	   Cpus                 :                 1         1 
	   Disk (KB)            :        1  2560000   2736652 
	   Memory (MB)          :        0     2048      2048 
...
006 (2814824.022.000) 08/02 12:10:57 Image size of job updated: 868
	0  -  MemoryUsage of job (MB)
	0  -  ResidentSetSize of job (KB)
...
005 (2814824.025.000) 08/02 12:10:57 Job terminated.
	(1) Normal termination (return value 255)
		Usr 0 00:00:00, Sys 0 00:00:00  -  Run Remote Usage
		Usr 0 00:00:00, Sys 0 00:00:00  -  Run Local Usage
		Usr 0 00:00:00, Sys 0 00:00:00  -  Total Remote Usage
		Usr 0 00:00:00, Sys 0 00:00:00  -  Total Local Usage
	0  -  Run Bytes Sent By Job
	0  -  Run Bytes Received By Job
	0  -  Total Bytes Sent By Job
	0  -  Total Bytes Received By Job
	Partitionable Resources :    Usage  Request Allocated 
	   Cpus                 :        0        1         1 
	   Disk (KB)            :        1  2560000   2833368 
	   Memory (MB)          :        0     2048      2048 
...
005 (2814824.024.000) 08/02 12:10:57 Job terminated.
	(1) Normal termination (return value 255)
		Usr 0 00:00:00, Sys 0 00:00:00  -  Run Remote Usage
		Usr 0 00:00:00, Sys 0 00:00:00  -  Run Local Usage
		Usr 0 00:00:00, Sys 0 00:00:00  -  Total Remote Usage
		Usr 0 00:00:00, Sys 0 00:00:00  -  Total Local Usage
	0  -  Run Bytes Sent By Job
	0  -  Run Bytes Received By Job
	0  -  Total Bytes Sent By Job
	0  -  Total Bytes Received By Job
	Partitionable Resources :    Usage  Request Allocated 
	   Cpus                 :                 1         1 
	   Disk (KB)            :        1  2560000   2830459 
	   Memory (MB)          :        0     2048      2048 
...
005 (2814824.026.000) 08/02 12:10:57 Job terminated.
	(1) Normal termination (return value 255)
		Usr 0 00:00:00, Sys 0 00:00:00  -  Run Remote Usage
		Usr 0 00:00:00, Sys 0 00:00:00  -  Run Local Usage
		Usr 0 00:00:00, Sys 0 00:00:00  -  Total Remote Usage
		Usr 0 00:00:00, Sys 0 00:00:00  -  Total Local Usage
	0  -  Run Bytes Sent By Job
	0  -  Run Bytes Received By Job
	0  -  Total Bytes Sent By Job
	0  -  Total Bytes Received By Job
	Partitionable Resources :    Usage  Request Allocated 
	   Cpus                 :        0        1         1 
	   Disk (KB)            :        1  2560000   2833368 
	   Memory (MB)          :        0     2048      2048 
...
005 (2814824.009.000) 08/02 12:10:58 Job terminated.
	(1) Normal termination (return value 255)
		Usr 0 00:00:00, Sys 0 00:00:00  -  Run Remote Usage
		Usr 0 00:00:00, Sys 0 00:00:00  -  Run Local Usage
		Usr 0 00:00:00, Sys 0 00:00:00  -  Total Remote Usage
		Usr 0 00:00:00, Sys 0 00:00:00  -  Total Local Usage
	0  -  Run Bytes Sent By Job
	0  -  Run Bytes Received By Job
	0  -  Total Bytes Sent By Job
	0  -  Total Bytes Received By Job
	Partitionable Resources :    Usage  Request Allocated 
	   Cpus                 :        0        1         1 
	   Disk (KB)            :        1  2560000   2790765 
	   Memory (MB)          :        0     2048      2048 
...
005 (2814824.008.000) 08/02 12:10:58 Job terminated.
	(1) Normal termination (return value 255)
		Usr 0 00:00:00, Sys 0 00:00:00  -  Run Remote Usage
		Usr 0 00:00:00, Sys 0 00:00:00  -  Run Local Usage
		Usr 0 00:00:00, Sys 0 00:00:00  -  Total Remote Usage
		Usr 0 00:00:00, Sys 0 00:00:00  -  Total Local Usage
	0  -  Run Bytes Sent By Job
	0  -  Run Bytes Received By Job
	0  -  Total Bytes Sent By Job
	0  -  Total Bytes Received By Job
	Partitionable Resources :    Usage  Request Allocated 
	   Cpus                 :     0.12        1         1 
	   Disk (KB)            :     1     2560000   2790765 
	   Memory (MB)          :     0        2048      2048 
...
006 (2814824.029.000) 08/02 12:10:58 Image size of job updated: 125548
	0  -  MemoryUsage of job (MB)
	0  -  ResidentSetSize of job (KB)
...
006 (2814824.030.000) 08/02 12:10:58 Image size of job updated: 176
	0  -  MemoryUsage of job (MB)
	0  -  ResidentSetSize of job (KB)
...
005 (2814824.028.000) 08/02 12:10:58 Job terminated.
	(1) Normal termination (return value 255)
		Usr 0 00:00:00, Sys 0 00:00:00  -  Run Remote Usage
		Usr 0 00:00:00, Sys 0 00:00:00  -  Run Local Usage
		Usr 0 00:00:00, Sys 0 00:00:00  -  Total Remote Usage
		Usr 0 00:00:00, Sys 0 00:00:00  -  Total Local Usage
	0  -  Run Bytes Sent By Job
	0  -  Run Bytes Received By Job
	0  -  Total Bytes Sent By Job
	0  -  Total Bytes Received By Job
	Partitionable Resources :    Usage  Request Allocated 
	   Cpus                 :                 1         1 
	   Disk (KB)            :        1  2560000   2832647 
	   Memory (MB)          :        0     2048      2048 
...
005 (2814824.022.000) 08/02 12:10:58 Job terminated.
	(1) Normal termination (return value 255)
		Usr 0 00:00:00, Sys 0 00:00:00  -  Run Remote Usage
		Usr 0 00:00:00, Sys 0 00:00:00  -  Run Local Usage
		Usr 0 00:00:00, Sys 0 00:00:00  -  Total Remote Usage
		Usr 0 00:00:00, Sys 0 00:00:00  -  Total Local Usage
	0  -  Run Bytes Sent By Job
	0  -  Run Bytes Received By Job
	0  -  Total Bytes Sent By Job
	0  -  Total Bytes Received By Job
	Partitionable Resources :    Usage  Request Allocated 
	   Cpus                 :        0        1         1 
	   Disk (KB)            :        1  2560000   2829348 
	   Memory (MB)          :        0     2048      2048 
...
006 (2814824.006.000) 08/02 12:10:58 Image size of job updated: 37644
	0  -  MemoryUsage of job (MB)
	0  -  ResidentSetSize of job (KB)
...
006 (2814824.007.000) 08/02 12:10:58 Image size of job updated: 144
	0  -  MemoryUsage of job (MB)
	0  -  ResidentSetSize of job (KB)
...
005 (2814824.029.000) 08/02 12:10:58 Job terminated.
	(1) Normal termination (return value 255)
		Usr 0 00:00:00, Sys 0 00:00:00  -  Run Remote Usage
		Usr 0 00:00:00, Sys 0 00:00:00  -  Run Local Usage
		Usr 0 00:00:00, Sys 0 00:00:00  -  Total Remote Usage
		Usr 0 00:00:00, Sys 0 00:00:00  -  Total Local Usage
	0  -  Run Bytes Sent By Job
	0  -  Run Bytes Received By Job
	0  -  Total Bytes Sent By Job
	0  -  Total Bytes Received By Job
	Partitionable Resources :    Usage  Request Allocated 
	   Cpus                 :        0        1         1 
	   Disk (KB)            :        1  2560000   2831427 
	   Memory (MB)          :        0     2048      2048 
...
005 (2814824.030.000) 08/02 12:10:58 Job terminated.
	(1) Normal termination (return value 255)
		Usr 0 00:00:00, Sys 0 00:00:00  -  Run Remote Usage
		Usr 0 00:00:00, Sys 0 00:00:00  -  Run Local Usage
		Usr 0 00:00:00, Sys 0 00:00:00  -  Total Remote Usage
		Usr 0 00:00:00, Sys 0 00:00:00  -  Total Local Usage
	0  -  Run Bytes Sent By Job
	0  -  Run Bytes Received By Job
	0  -  Total Bytes Sent By Job
	0  -  Total Bytes Received By Job
	Partitionable Resources :    Usage  Request Allocated 
	   Cpus                 :                 1         1 
	   Disk (KB)            :        1  2560000   2831427 
	   Memory (MB)          :        0     2048      2048 
...
005 (2814824.006.000) 08/02 12:10:58 Job terminated.
	(1) Normal termination (return value 255)
		Usr 0 00:00:00, Sys 0 00:00:00  -  Run Remote Usage
		Usr 0 00:00:00, Sys 0 00:00:00  -  Run Local Usage
		Usr 0 00:00:00, Sys 0 00:00:00  -  Total Remote Usage
		Usr 0 00:00:00, Sys 0 00:00:00  -  Total Local Usage
	0  -  Run Bytes Sent By Job
	0  -  Run Bytes Received By Job
	0  -  Total Bytes Sent By Job
	0  -  Total Bytes Received By Job
	Partitionable Resources :    Usage  Request Allocated 
	   Cpus                 :     0.08        1         1 
	   Disk (KB)            :     1     2560000   2794690 
	   Memory (MB)          :     0        2048      2048 
...
005 (2814824.007.000) 08/02 12:10:58 Job terminated.
	(1) Normal termination (return value 255)
		Usr 0 00:00:00, Sys 0 00:00:00  -  Run Remote Usage
		Usr 0 00:00:00, Sys 0 00:00:00  -  Run Local Usage
		Usr 0 00:00:00, Sys 0 00:00:00  -  Total Remote Usage
		Usr 0 00:00:00, Sys 0 00:00:00  -  Total Local Usage
	0  -  Run Bytes Sent By Job
	0  -  Run Bytes Received By Job
	0  -  Total Bytes Sent By Job
	0  -  Total Bytes Received By Job
	Partitionable Resources :    Usage  Request Allocated 
	   Cpus                 :        0        1         1 
	   Disk (KB)            :        1  2560000   2794690 
	   Memory (MB)          :        0     2048      2048 
...
022 (2814824.002.000) 08/02 12:11:14 Job disconnected, attempting to reconnect
    Socket between submit and execute hosts closed unexpectedly
    Trying to reconnect to slot1@bird051.desy.de <131.169.77.78:37228?addrs=131.169.77.78-37228>
...
024 (2814824.002.000) 08/02 12:11:14 Job reconnection failed
    Job not found at execution machine
    Can not reconnect to slot1@bird051.desy.de, rescheduling job
...
022 (2814824.003.000) 08/02 12:11:15 Job disconnected, attempting to reconnect
    Socket between submit and execute hosts closed unexpectedly
    Trying to reconnect to slot1@bird051.desy.de <131.169.77.78:37228?addrs=131.169.77.78-37228>
...
024 (2814824.003.000) 08/02 12:11:24 Job reconnection failed
    Job not found at execution machine
    Can not reconnect to slot1@bird051.desy.de, rescheduling job
...
001 (2814824.003.000) 08/02 12:42:00 Job executing on host: <131.169.84.191:38615?addrs=131.169.84.191-38615>
...
001 (2814824.002.000) 08/02 12:42:00 Job executing on host: <131.169.84.121:33180?addrs=131.169.84.121-33180>
...
006 (2814824.003.000) 08/02 12:42:03 Image size of job updated: 26612
	0  -  MemoryUsage of job (MB)
	0  -  ResidentSetSize of job (KB)
...
005 (2814824.003.000) 08/02 12:42:03 Job terminated.
	(1) Normal termination (return value 255)
		Usr 0 00:00:00, Sys 0 00:00:00  -  Run Remote Usage
		Usr 0 00:00:00, Sys 0 00:00:00  -  Run Local Usage
		Usr 0 00:00:00, Sys 0 00:00:00  -  Total Remote Usage
		Usr 0 00:00:00, Sys 0 00:00:00  -  Total Local Usage
	0  -  Run Bytes Sent By Job
	0  -  Run Bytes Received By Job
	0  -  Total Bytes Sent By Job
	0  -  Total Bytes Received By Job
	Partitionable Resources :    Usage  Request Allocated 
	   Cpus                 :     0.02        1         1 
	   Disk (KB)            :     1     2560000   2746964 
	   Memory (MB)          :     0        2048      2048 
...
006 (2814824.002.000) 08/02 12:42:04 Image size of job updated: 16880
	0  -  MemoryUsage of job (MB)
	0  -  ResidentSetSize of job (KB)
...
005 (2814824.002.000) 08/02 12:42:04 Job terminated.
	(1) Normal termination (return value 255)
		Usr 0 00:00:00, Sys 0 00:00:00  -  Run Remote Usage
		Usr 0 00:00:00, Sys 0 00:00:00  -  Run Local Usage
		Usr 0 00:00:00, Sys 0 00:00:00  -  Total Remote Usage
		Usr 0 00:00:00, Sys 0 00:00:00  -  Total Local Usage
	0  -  Run Bytes Sent By Job
	0  -  Run Bytes Received By Job
	0  -  Total Bytes Sent By Job
	0  -  Total Bytes Received By Job
	Partitionable Resources :    Usage  Request Allocated 
	   Cpus                 :     0.01        1         1 
	   Disk (KB)            :     1     2560000   2793635 
	   Memory (MB)          :     0        2048      2048 
...
